{"/home/manzi/Project/ELEVATE-system/backend/src/app.ts": {"path":"/home/manzi/Project/ELEVATE-system/backend/src/app.ts","statementMap":{"0":{"start":{"line":1,"column":0},"end":{"line":1,"column":30}},"1":{"start":{"line":2,"column":0},"end":{"line":2,"column":24}},"2":{"start":{"line":3,"column":0},"end":{"line":3,"column":24}},"3":{"start":{"line":4,"column":0},"end":{"line":4,"column":43}},"4":{"start":{"line":5,"column":0},"end":{"line":5,"column":40}},"5":{"start":{"line":6,"column":0},"end":{"line":6,"column":33}},"6":{"start":{"line":7,"column":0},"end":{"line":7,"column":73}},"7":{"start":{"line":9,"column":12},"end":{"line":9,"column":21}},"8":{"start":{"line":12,"column":20},"end":{"line":21,"column":2}},"9":{"start":{"line":23,"column":0},"end":{"line":23,"column":27}},"10":{"start":{"line":24,"column":0},"end":{"line":24,"column":25}},"11":{"start":{"line":25,"column":0},"end":{"line":25,"column":24}},"12":{"start":{"line":26,"column":0},"end":{"line":26,"column":41}},"13":{"start":{"line":27,"column":0},"end":{"line":27,"column":63}},"14":{"start":{"line":30,"column":0},"end":{"line":38,"column":3}},"15":{"start":{"line":31,"column":2},"end":{"line":37,"column":5}},"16":{"start":{"line":41,"column":0},"end":{"line":49,"column":3}},"17":{"start":{"line":42,"column":2},"end":{"line":48,"column":5}},"18":{"start":{"line":52,"column":0},"end":{"line":52,"column":64}},"19":{"start":{"line":55,"column":0},"end":{"line":55,"column":27}},"20":{"start":{"line":58,"column":0},"end":{"line":58,"column":71}},"21":{"start":{"line":60,"column":0},"end":{"line":60,"column":19}}},"fnMap":{"0":{"name":"(anonymous_1)","decl":{"start":{"line":30,"column":19},"end":{"line":30,"column":20}},"loc":{"start":{"line":30,"column":33},"end":{"line":38,"column":1}}},"1":{"name":"(anonymous_2)","decl":{"start":{"line":41,"column":13},"end":{"line":41,"column":14}},"loc":{"start":{"line":41,"column":27},"end":{"line":49,"column":1}}}},"branchMap":{"0":{"loc":{"start":{"line":13,"column":10},"end":{"line":17,"column":null}},"type":"cond-expr","locations":[{"start":{"line":13,"column":37},"end":{"line":13,"column":72}},{"start":{"line":13,"column":75},"end":{"line":17,"column":null}}]},"1":{"loc":{"start":{"line":34,"column":17},"end":{"line":34,"column":54}},"type":"binary-expr","locations":[{"start":{"line":34,"column":17},"end":{"line":34,"column":37}},{"start":{"line":34,"column":41},"end":{"line":34,"column":54}}]}},"s":{"0":0,"1":0,"2":0,"3":0,"4":0,"5":0,"6":0,"7":0,"8":0,"9":0,"10":0,"11":0,"12":0,"13":0,"14":0,"15":0,"16":0,"17":0,"18":0,"19":0,"20":0,"21":0},"f":{"0":0,"1":0},"b":{"0":[0,0],"1":[0,0]}}
,"/home/manzi/Project/ELEVATE-system/backend/src/config/env.ts": {"path":"/home/manzi/Project/ELEVATE-system/backend/src/config/env.ts","statementMap":{"0":{"start":{"line":2,"column":27},"end":{"line":12,"column":1}},"1":{"start":{"line":3,"column":19},"end":{"line":3,"column":49}},"2":{"start":{"line":4,"column":18},"end":{"line":4,"column":59}},"3":{"start":{"line":4,"column":41},"end":{"line":4,"column":58}},"4":{"start":{"line":6,"column":2},"end":{"line":9,"column":3}},"5":{"start":{"line":7,"column":4},"end":{"line":7,"column":70}},"6":{"start":{"line":8,"column":4},"end":{"line":8,"column":20}},"7":{"start":{"line":11,"column":2},"end":{"line":11,"column":51}},"8":{"start":{"line":2,"column":13},"end":{"line":2,"column":27}}},"fnMap":{"0":{"name":"(anonymous_0)","decl":{"start":{"line":2,"column":27},"end":{"line":2,"column":30}},"loc":{"start":{"line":2,"column":32},"end":{"line":12,"column":1}}},"1":{"name":"(anonymous_1)","decl":{"start":{"line":4,"column":34},"end":{"line":4,"column":37}},"loc":{"start":{"line":4,"column":41},"end":{"line":4,"column":58}}}},"branchMap":{"0":{"loc":{"start":{"line":6,"column":2},"end":{"line":9,"column":3}},"type":"if","locations":[{"start":{"line":6,"column":2},"end":{"line":9,"column":3}},{"start":{},"end":{}}]}},"s":{"0":0,"1":0,"2":0,"3":0,"4":0,"5":0,"6":0,"7":0,"8":0},"f":{"0":0,"1":0},"b":{"0":[0,0]}}
,"/home/manzi/Project/ELEVATE-system/backend/src/config/index.ts": {"path":"/home/manzi/Project/ELEVATE-system/backend/src/config/index.ts","statementMap":{"0":{"start":{"line":1,"column":0},"end":{"line":1,"column":41}},"1":{"start":{"line":8,"column":23},"end":{"line":8,"column":94}},"2":{"start":{"line":8,"column":69},"end":{"line":8,"column":77}},"3":{"start":{"line":10,"column":13},"end":{"line":16,"column":2}},"4":{"start":{"line":18,"column":30},"end":{"line":18,"column":53}},"5":{"start":{"line":18,"column":36},"end":{"line":18,"column":53}},"6":{"start":{"line":18,"column":13},"end":{"line":18,"column":30}}},"fnMap":{"0":{"name":"(anonymous_1)","decl":{"start":{"line":8,"column":64},"end":{"line":8,"column":65}},"loc":{"start":{"line":8,"column":69},"end":{"line":8,"column":77}}},"1":{"name":"(anonymous_2)","decl":{"start":{"line":18,"column":30},"end":{"line":18,"column":33}},"loc":{"start":{"line":18,"column":36},"end":{"line":18,"column":53}}}},"branchMap":{"0":{"loc":{"start":{"line":11,"column":15},"end":{"line":11,"column":39}},"type":"binary-expr","locations":[{"start":{"line":11,"column":15},"end":{"line":11,"column":31}},{"start":{"line":11,"column":35},"end":{"line":11,"column":39}}]},"1":{"loc":{"start":{"line":13,"column":12},"end":{"line":13,"column":79}},"type":"cond-expr","locations":[{"start":{"line":13,"column":58},"end":{"line":13,"column":72}},{"start":{"line":13,"column":75},"end":{"line":13,"column":79}}]},"2":{"loc":{"start":{"line":13,"column":12},"end":{"line":13,"column":55}},"type":"binary-expr","locations":[{"start":{"line":13,"column":12},"end":{"line":13,"column":26}},{"start":{"line":13,"column":30},"end":{"line":13,"column":55}}]}},"s":{"0":0,"1":0,"2":0,"3":0,"4":0,"5":0,"6":0},"f":{"0":0,"1":0},"b":{"0":[0,0],"1":[0,0],"2":[0,0]}}
,"/home/manzi/Project/ELEVATE-system/backend/src/controllers/adminController.ts": {"path":"/home/manzi/Project/ELEVATE-system/backend/src/controllers/adminController.ts","statementMap":{"0":{"start":{"line":3,"column":0},"end":{"line":3,"column":38}},"1":{"start":{"line":5,"column":30},"end":{"line":60,"column":1}},"2":{"start":{"line":6,"column":2},"end":{"line":59,"column":3}},"3":{"start":{"line":7,"column":4},"end":{"line":12,"column":5}},"4":{"start":{"line":8,"column":6},"end":{"line":11,"column":9}},"5":{"start":{"line":21,"column":8},"end":{"line":38,"column":6}},"6":{"start":{"line":40,"column":4},"end":{"line":52,"column":7}},"7":{"start":{"line":54,"column":4},"end":{"line":54,"column":52}},"8":{"start":{"line":55,"column":4},"end":{"line":58,"column":7}},"9":{"start":{"line":5,"column":13},"end":{"line":5,"column":30}},"10":{"start":{"line":62,"column":27},"end":{"line":100,"column":1}},"11":{"start":{"line":63,"column":2},"end":{"line":99,"column":3}},"12":{"start":{"line":64,"column":4},"end":{"line":69,"column":5}},"13":{"start":{"line":65,"column":6},"end":{"line":68,"column":9}},"14":{"start":{"line":71,"column":18},"end":{"line":87,"column":6}},"15":{"start":{"line":89,"column":4},"end":{"line":92,"column":7}},"16":{"start":{"line":94,"column":4},"end":{"line":94,"column":49}},"17":{"start":{"line":95,"column":4},"end":{"line":98,"column":7}},"18":{"start":{"line":62,"column":13},"end":{"line":62,"column":27}}},"fnMap":{"0":{"name":"(anonymous_0)","decl":{"start":{"line":5,"column":30},"end":{"line":5,"column":35}},"loc":{"start":{"line":5,"column":72},"end":{"line":60,"column":1}}},"1":{"name":"(anonymous_1)","decl":{"start":{"line":62,"column":27},"end":{"line":62,"column":32}},"loc":{"start":{"line":62,"column":69},"end":{"line":100,"column":1}}}},"branchMap":{"0":{"loc":{"start":{"line":7,"column":4},"end":{"line":12,"column":5}},"type":"if","locations":[{"start":{"line":7,"column":4},"end":{"line":12,"column":5}},{"start":{},"end":{}}]},"1":{"loc":{"start":{"line":64,"column":4},"end":{"line":69,"column":5}},"type":"if","locations":[{"start":{"line":64,"column":4},"end":{"line":69,"column":5}},{"start":{},"end":{}}]}},"s":{"0":0,"1":0,"2":0,"3":0,"4":0,"5":0,"6":0,"7":0,"8":0,"9":0,"10":0,"11":0,"12":0,"13":0,"14":0,"15":0,"16":0,"17":0,"18":0},"f":{"0":0,"1":0},"b":{"0":[0,0],"1":[0,0]}}
,"/home/manzi/Project/ELEVATE-system/backend/src/controllers/authController.ts": {"path":"/home/manzi/Project/ELEVATE-system/backend/src/controllers/authController.ts","statementMap":{"0":{"start":{"line":2,"column":0},"end":{"line":2,"column":28}},"1":{"start":{"line":3,"column":0},"end":{"line":3,"column":58}},"2":{"start":{"line":4,"column":0},"end":{"line":4,"column":43}},"3":{"start":{"line":5,"column":0},"end":{"line":5,"column":45}},"4":{"start":{"line":6,"column":0},"end":{"line":6,"column":89}},"5":{"start":{"line":7,"column":0},"end":{"line":7,"column":46}},"6":{"start":{"line":9,"column":21},"end":{"line":69,"column":1}},"7":{"start":{"line":10,"column":2},"end":{"line":68,"column":3}},"8":{"start":{"line":11,"column":32},"end":{"line":11,"column":40}},"9":{"start":{"line":14,"column":4},"end":{"line":19,"column":5}},"10":{"start":{"line":15,"column":6},"end":{"line":18,"column":9}},"11":{"start":{"line":22,"column":17},"end":{"line":22,"column":44}},"12":{"start":{"line":23,"column":4},"end":{"line":28,"column":5}},"13":{"start":{"line":24,"column":6},"end":{"line":27,"column":9}},"14":{"start":{"line":30,"column":4},"end":{"line":35,"column":5}},"15":{"start":{"line":31,"column":6},"end":{"line":34,"column":9}},"16":{"start":{"line":38,"column":28},"end":{"line":38,"column":73}},"17":{"start":{"line":39,"column":4},"end":{"line":44,"column":5}},"18":{"start":{"line":40,"column":6},"end":{"line":43,"column":9}},"19":{"start":{"line":47,"column":18},"end":{"line":47,"column":51}},"20":{"start":{"line":49,"column":4},"end":{"line":61,"column":7}},"21":{"start":{"line":63,"column":4},"end":{"line":63,"column":41}},"22":{"start":{"line":64,"column":4},"end":{"line":67,"column":7}},"23":{"start":{"line":9,"column":13},"end":{"line":9,"column":21}},"24":{"start":{"line":71,"column":23},"end":{"line":131,"column":1}},"25":{"start":{"line":72,"column":2},"end":{"line":130,"column":3}},"26":{"start":{"line":73,"column":38},"end":{"line":73,"column":46}},"27":{"start":{"line":76,"column":4},"end":{"line":81,"column":5}},"28":{"start":{"line":77,"column":6},"end":{"line":80,"column":9}},"29":{"start":{"line":84,"column":25},"end":{"line":84,"column":52}},"30":{"start":{"line":85,"column":4},"end":{"line":90,"column":5}},"31":{"start":{"line":86,"column":6},"end":{"line":89,"column":9}},"32":{"start":{"line":93,"column":16},"end":{"line":93,"column":29}},"33":{"start":{"line":96,"column":22},"end":{"line":96,"column":58}},"34":{"start":{"line":98,"column":4},"end":{"line":103,"column":5}},"35":{"start":{"line":99,"column":6},"end":{"line":102,"column":9}},"36":{"start":{"line":106,"column":4},"end":{"line":106,"column":46}},"37":{"start":{"line":107,"column":5},"end":{"line":107,"column":86}},"38":{"start":{"line":109,"column":4},"end":{"line":109,"column":48}},"39":{"start":{"line":112,"column":30},"end":{"line":112,"column":39}},"40":{"start":{"line":113,"column":4},"end":{"line":115,"column":5}},"41":{"start":{"line":114,"column":6},"end":{"line":114,"column":40}},"42":{"start":{"line":117,"column":4},"end":{"line":123,"column":7}},"43":{"start":{"line":125,"column":4},"end":{"line":125,"column":44}},"44":{"start":{"line":126,"column":4},"end":{"line":129,"column":7}},"45":{"start":{"line":71,"column":13},"end":{"line":71,"column":23}},"46":{"start":{"line":133,"column":25},"end":{"line":210,"column":1}},"47":{"start":{"line":134,"column":2},"end":{"line":209,"column":3}},"48":{"start":{"line":135,"column":27},"end":{"line":135,"column":35}},"49":{"start":{"line":138,"column":4},"end":{"line":143,"column":5}},"50":{"start":{"line":139,"column":6},"end":{"line":142,"column":9}},"51":{"start":{"line":145,"column":21},"end":{"line":145,"column":44}},"52":{"start":{"line":146,"column":4},"end":{"line":151,"column":5}},"53":{"start":{"line":147,"column":6},"end":{"line":150,"column":9}},"54":{"start":{"line":153,"column":4},"end":{"line":163,"column":5}},"55":{"start":{"line":155,"column":22},"end":{"line":157,"column":42}},"56":{"start":{"line":159,"column":6},"end":{"line":162,"column":9}},"57":{"start":{"line":166,"column":4},"end":{"line":172,"column":5}},"58":{"start":{"line":167,"column":6},"end":{"line":167,"column":37}},"59":{"start":{"line":168,"column":6},"end":{"line":171,"column":9}},"60":{"start":{"line":175,"column":27},"end":{"line":175,"column":76}},"61":{"start":{"line":178,"column":17},"end":{"line":178,"column":44}},"62":{"start":{"line":179,"column":17},"end":{"line":184,"column":6}},"63":{"start":{"line":187,"column":4},"end":{"line":189,"column":5}},"64":{"start":{"line":188,"column":6},"end":{"line":188,"column":37}},"65":{"start":{"line":191,"column":4},"end":{"line":202,"column":7}},"66":{"start":{"line":204,"column":4},"end":{"line":204,"column":46}},"67":{"start":{"line":205,"column":4},"end":{"line":208,"column":7}},"68":{"start":{"line":133,"column":13},"end":{"line":133,"column":25}}},"fnMap":{"0":{"name":"(anonymous_1)","decl":{"start":{"line":9,"column":21},"end":{"line":9,"column":26}},"loc":{"start":{"line":9,"column":59},"end":{"line":69,"column":1}}},"1":{"name":"(anonymous_2)","decl":{"start":{"line":71,"column":23},"end":{"line":71,"column":28}},"loc":{"start":{"line":71,"column":61},"end":{"line":131,"column":1}}},"2":{"name":"(anonymous_3)","decl":{"start":{"line":133,"column":25},"end":{"line":133,"column":30}},"loc":{"start":{"line":133,"column":63},"end":{"line":210,"column":1}}}},"branchMap":{"0":{"loc":{"start":{"line":14,"column":4},"end":{"line":19,"column":5}},"type":"if","locations":[{"start":{"line":14,"column":4},"end":{"line":19,"column":5}},{"start":{},"end":{}}]},"1":{"loc":{"start":{"line":14,"column":8},"end":{"line":14,"column":82}},"type":"binary-expr","locations":[{"start":{"line":14,"column":8},"end":{"line":14,"column":42}},{"start":{"line":14,"column":46},"end":{"line":14,"column":82}}]},"2":{"loc":{"start":{"line":23,"column":4},"end":{"line":28,"column":5}},"type":"if","locations":[{"start":{"line":23,"column":4},"end":{"line":28,"column":5}},{"start":{},"end":{}}]},"3":{"loc":{"start":{"line":30,"column":4},"end":{"line":35,"column":5}},"type":"if","locations":[{"start":{"line":30,"column":4},"end":{"line":35,"column":5}},{"start":{},"end":{}}]},"4":{"loc":{"start":{"line":39,"column":4},"end":{"line":44,"column":5}},"type":"if","locations":[{"start":{"line":39,"column":4},"end":{"line":44,"column":5}},{"start":{},"end":{}}]},"5":{"loc":{"start":{"line":76,"column":4},"end":{"line":81,"column":5}},"type":"if","locations":[{"start":{"line":76,"column":4},"end":{"line":81,"column":5}},{"start":{},"end":{}}]},"6":{"loc":{"start":{"line":76,"column":8},"end":{"line":76,"column":82}},"type":"binary-expr","locations":[{"start":{"line":76,"column":8},"end":{"line":76,"column":42}},{"start":{"line":76,"column":46},"end":{"line":76,"column":82}}]},"7":{"loc":{"start":{"line":85,"column":4},"end":{"line":90,"column":5}},"type":"if","locations":[{"start":{"line":85,"column":4},"end":{"line":90,"column":5}},{"start":{},"end":{}}]},"8":{"loc":{"start":{"line":98,"column":4},"end":{"line":103,"column":5}},"type":"if","locations":[{"start":{"line":98,"column":4},"end":{"line":103,"column":5}},{"start":{},"end":{}}]},"9":{"loc":{"start":{"line":106,"column":23},"end":{"line":106,"column":45}},"type":"binary-expr","locations":[{"start":{"line":106,"column":23},"end":{"line":106,"column":39}},{"start":{"line":106,"column":43},"end":{"line":106,"column":45}}]},"10":{"loc":{"start":{"line":113,"column":4},"end":{"line":115,"column":5}},"type":"if","locations":[{"start":{"line":113,"column":4},"end":{"line":115,"column":5}},{"start":{},"end":{}}]},"11":{"loc":{"start":{"line":119,"column":15},"end":{"line":121,"column":34}},"type":"cond-expr","locations":[{"start":{"line":120,"column":10},"end":{"line":120,"column":59}},{"start":{"line":121,"column":10},"end":{"line":121,"column":34}}]},"12":{"loc":{"start":{"line":138,"column":4},"end":{"line":143,"column":5}},"type":"if","locations":[{"start":{"line":138,"column":4},"end":{"line":143,"column":5}},{"start":{},"end":{}}]},"13":{"loc":{"start":{"line":146,"column":4},"end":{"line":151,"column":5}},"type":"if","locations":[{"start":{"line":146,"column":4},"end":{"line":151,"column":5}},{"start":{},"end":{}}]},"14":{"loc":{"start":{"line":153,"column":4},"end":{"line":163,"column":5}},"type":"if","locations":[{"start":{"line":153,"column":4},"end":{"line":163,"column":5}},{"start":{},"end":{}}]},"15":{"loc":{"start":{"line":155,"column":22},"end":{"line":157,"column":42}},"type":"cond-expr","locations":[{"start":{"line":156,"column":10},"end":{"line":156,"column":68}},{"start":{"line":157,"column":10},"end":{"line":157,"column":42}}]},"16":{"loc":{"start":{"line":166,"column":4},"end":{"line":172,"column":5}},"type":"if","locations":[{"start":{"line":166,"column":4},"end":{"line":172,"column":5}},{"start":{},"end":{}}]},"17":{"loc":{"start":{"line":187,"column":4},"end":{"line":189,"column":5}},"type":"if","locations":[{"start":{"line":187,"column":4},"end":{"line":189,"column":5}},{"start":{},"end":{}}]}},"s":{"0":1,"1":1,"2":1,"3":1,"4":1,"5":1,"6":1,"7":3,"8":3,"9":3,"10":1,"11":2,"12":2,"13":0,"14":2,"15":0,"16":2,"17":2,"18":1,"19":1,"20":1,"21":0,"22":0,"23":1,"24":1,"25":3,"26":3,"27":3,"28":1,"29":2,"30":2,"31":1,"32":1,"33":1,"34":1,"35":0,"36":1,"37":1,"38":1,"39":1,"40":1,"41":1,"42":1,"43":0,"44":0,"45":1,"46":1,"47":2,"48":2,"49":2,"50":0,"51":2,"52":2,"53":0,"54":2,"55":1,"56":1,"57":1,"58":0,"59":0,"60":1,"61":1,"62":1,"63":1,"64":1,"65":1,"66":0,"67":0,"68":1},"f":{"0":3,"1":3,"2":2},"b":{"0":[1,2],"1":[3,1],"2":[0,2],"3":[0,2],"4":[1,1],"5":[1,2],"6":[3,1],"7":[1,1],"8":[0,1],"9":[1,0],"10":[1,0],"11":[1,0],"12":[0,2],"13":[0,2],"14":[1,1],"15":[1,0],"16":[0,1],"17":[1,0]}}
,"/home/manzi/Project/ELEVATE-system/backend/src/controllers/collaborationsController.ts": {"path":"/home/manzi/Project/ELEVATE-system/backend/src/controllers/collaborationsController.ts","statementMap":{"0":{"start":{"line":3,"column":0},"end":{"line":3,"column":64}},"1":{"start":{"line":4,"column":0},"end":{"line":4,"column":38}},"2":{"start":{"line":6,"column":20},"end":{"line":20,"column":1}},"3":{"start":{"line":7,"column":2},"end":{"line":19,"column":3}},"4":{"start":{"line":8,"column":20},"end":{"line":8,"column":39}},"5":{"start":{"line":9,"column":4},"end":{"line":12,"column":7}},"6":{"start":{"line":14,"column":4},"end":{"line":14,"column":48}},"7":{"start":{"line":15,"column":4},"end":{"line":18,"column":7}},"8":{"start":{"line":6,"column":13},"end":{"line":6,"column":20}},"9":{"start":{"line":22,"column":20},"end":{"line":71,"column":1}},"10":{"start":{"line":23,"column":2},"end":{"line":70,"column":3}},"11":{"start":{"line":24,"column":19},"end":{"line":24,"column":29}},"12":{"start":{"line":25,"column":19},"end":{"line":25,"column":31}},"13":{"start":{"line":28,"column":19},"end":{"line":28,"column":68}},"14":{"start":{"line":29,"column":4},"end":{"line":34,"column":5}},"15":{"start":{"line":30,"column":6},"end":{"line":33,"column":9}},"16":{"start":{"line":37,"column":21},"end":{"line":42,"column":6}},"17":{"start":{"line":44,"column":4},"end":{"line":49,"column":5}},"18":{"start":{"line":45,"column":6},"end":{"line":48,"column":9}},"19":{"start":{"line":52,"column":4},"end":{"line":58,"column":7}},"20":{"start":{"line":60,"column":4},"end":{"line":63,"column":7}},"21":{"start":{"line":65,"column":4},"end":{"line":65,"column":47}},"22":{"start":{"line":66,"column":4},"end":{"line":69,"column":7}},"23":{"start":{"line":22,"column":13},"end":{"line":22,"column":20}},"24":{"start":{"line":73,"column":21},"end":{"line":97,"column":1}},"25":{"start":{"line":74,"column":2},"end":{"line":96,"column":3}},"26":{"start":{"line":75,"column":19},"end":{"line":75,"column":29}},"27":{"start":{"line":76,"column":19},"end":{"line":76,"column":31}},"28":{"start":{"line":79,"column":4},"end":{"line":84,"column":7}},"29":{"start":{"line":86,"column":4},"end":{"line":89,"column":7}},"30":{"start":{"line":91,"column":4},"end":{"line":91,"column":48}},"31":{"start":{"line":92,"column":4},"end":{"line":95,"column":7}},"32":{"start":{"line":73,"column":13},"end":{"line":73,"column":21}}},"fnMap":{"0":{"name":"(anonymous_0)","decl":{"start":{"line":6,"column":20},"end":{"line":6,"column":25}},"loc":{"start":{"line":6,"column":62},"end":{"line":20,"column":1}}},"1":{"name":"(anonymous_1)","decl":{"start":{"line":22,"column":20},"end":{"line":22,"column":25}},"loc":{"start":{"line":22,"column":62},"end":{"line":71,"column":1}}},"2":{"name":"(anonymous_2)","decl":{"start":{"line":73,"column":21},"end":{"line":73,"column":26}},"loc":{"start":{"line":73,"column":63},"end":{"line":97,"column":1}}}},"branchMap":{"0":{"loc":{"start":{"line":29,"column":4},"end":{"line":34,"column":5}},"type":"if","locations":[{"start":{"line":29,"column":4},"end":{"line":34,"column":5}},{"start":{},"end":{}}]},"1":{"loc":{"start":{"line":44,"column":4},"end":{"line":49,"column":5}},"type":"if","locations":[{"start":{"line":44,"column":4},"end":{"line":49,"column":5}},{"start":{},"end":{}}]}},"s":{"0":0,"1":0,"2":0,"3":0,"4":0,"5":0,"6":0,"7":0,"8":0,"9":0,"10":0,"11":0,"12":0,"13":0,"14":0,"15":0,"16":0,"17":0,"18":0,"19":0,"20":0,"21":0,"22":0,"23":0,"24":0,"25":0,"26":0,"27":0,"28":0,"29":0,"30":0,"31":0,"32":0},"f":{"0":0,"1":0,"2":0},"b":{"0":[0,0],"1":[0,0]}}
,"/home/manzi/Project/ELEVATE-system/backend/src/controllers/missionsController.ts": {"path":"/home/manzi/Project/ELEVATE-system/backend/src/controllers/missionsController.ts","statementMap":{"0":{"start":{"line":3,"column":0},"end":{"line":3,"column":116}},"1":{"start":{"line":5,"column":20},"end":{"line":19,"column":1}},"2":{"start":{"line":6,"column":2},"end":{"line":18,"column":3}},"3":{"start":{"line":7,"column":21},"end":{"line":7,"column":53}},"4":{"start":{"line":8,"column":4},"end":{"line":11,"column":7}},"5":{"start":{"line":13,"column":4},"end":{"line":13,"column":49}},"6":{"start":{"line":14,"column":4},"end":{"line":17,"column":7}},"7":{"start":{"line":5,"column":13},"end":{"line":5,"column":20}},"8":{"start":{"line":21,"column":22},"end":{"line":42,"column":1}},"9":{"start":{"line":22,"column":2},"end":{"line":41,"column":3}},"10":{"start":{"line":23,"column":55},"end":{"line":23,"column":63}},"11":{"start":{"line":24,"column":20},"end":{"line":30,"column":6}},"12":{"start":{"line":31,"column":4},"end":{"line":34,"column":7}},"13":{"start":{"line":36,"column":4},"end":{"line":36,"column":50}},"14":{"start":{"line":37,"column":4},"end":{"line":40,"column":7}},"15":{"start":{"line":21,"column":13},"end":{"line":21,"column":22}},"16":{"start":{"line":44,"column":23},"end":{"line":65,"column":1}},"17":{"start":{"line":45,"column":2},"end":{"line":64,"column":3}},"18":{"start":{"line":46,"column":19},"end":{"line":46,"column":29}},"19":{"start":{"line":47,"column":20},"end":{"line":47,"column":54}},"20":{"start":{"line":48,"column":4},"end":{"line":53,"column":5}},"21":{"start":{"line":49,"column":6},"end":{"line":52,"column":9}},"22":{"start":{"line":54,"column":4},"end":{"line":57,"column":7}},"23":{"start":{"line":59,"column":4},"end":{"line":59,"column":47}},"24":{"start":{"line":60,"column":4},"end":{"line":63,"column":7}},"25":{"start":{"line":44,"column":13},"end":{"line":44,"column":23}},"26":{"start":{"line":67,"column":22},"end":{"line":88,"column":1}},"27":{"start":{"line":68,"column":2},"end":{"line":87,"column":3}},"28":{"start":{"line":69,"column":19},"end":{"line":69,"column":29}},"29":{"start":{"line":70,"column":20},"end":{"line":70,"column":67}},"30":{"start":{"line":71,"column":4},"end":{"line":76,"column":5}},"31":{"start":{"line":72,"column":6},"end":{"line":75,"column":9}},"32":{"start":{"line":77,"column":4},"end":{"line":80,"column":7}},"33":{"start":{"line":82,"column":4},"end":{"line":82,"column":50}},"34":{"start":{"line":83,"column":4},"end":{"line":86,"column":7}},"35":{"start":{"line":67,"column":13},"end":{"line":67,"column":22}},"36":{"start":{"line":90,"column":22},"end":{"line":108,"column":1}},"37":{"start":{"line":91,"column":2},"end":{"line":107,"column":3}},"38":{"start":{"line":92,"column":19},"end":{"line":92,"column":29}},"39":{"start":{"line":93,"column":20},"end":{"line":93,"column":57}},"40":{"start":{"line":94,"column":4},"end":{"line":99,"column":5}},"41":{"start":{"line":95,"column":6},"end":{"line":98,"column":9}},"42":{"start":{"line":100,"column":4},"end":{"line":100,"column":27}},"43":{"start":{"line":102,"column":4},"end":{"line":102,"column":50}},"44":{"start":{"line":103,"column":4},"end":{"line":106,"column":7}},"45":{"start":{"line":90,"column":13},"end":{"line":90,"column":22}}},"fnMap":{"0":{"name":"(anonymous_0)","decl":{"start":{"line":5,"column":20},"end":{"line":5,"column":25}},"loc":{"start":{"line":5,"column":62},"end":{"line":19,"column":1}}},"1":{"name":"(anonymous_1)","decl":{"start":{"line":21,"column":22},"end":{"line":21,"column":27}},"loc":{"start":{"line":21,"column":64},"end":{"line":42,"column":1}}},"2":{"name":"(anonymous_2)","decl":{"start":{"line":44,"column":23},"end":{"line":44,"column":28}},"loc":{"start":{"line":44,"column":65},"end":{"line":65,"column":1}}},"3":{"name":"(anonymous_3)","decl":{"start":{"line":67,"column":22},"end":{"line":67,"column":27}},"loc":{"start":{"line":67,"column":64},"end":{"line":88,"column":1}}},"4":{"name":"(anonymous_4)","decl":{"start":{"line":90,"column":22},"end":{"line":90,"column":27}},"loc":{"start":{"line":90,"column":64},"end":{"line":108,"column":1}}}},"branchMap":{"0":{"loc":{"start":{"line":48,"column":4},"end":{"line":53,"column":5}},"type":"if","locations":[{"start":{"line":48,"column":4},"end":{"line":53,"column":5}},{"start":{},"end":{}}]},"1":{"loc":{"start":{"line":71,"column":4},"end":{"line":76,"column":5}},"type":"if","locations":[{"start":{"line":71,"column":4},"end":{"line":76,"column":5}},{"start":{},"end":{}}]},"2":{"loc":{"start":{"line":94,"column":4},"end":{"line":99,"column":5}},"type":"if","locations":[{"start":{"line":94,"column":4},"end":{"line":99,"column":5}},{"start":{},"end":{}}]}},"s":{"0":1,"1":1,"2":1,"3":1,"4":1,"5":0,"6":0,"7":1,"8":1,"9":1,"10":1,"11":1,"12":1,"13":0,"14":0,"15":1,"16":1,"17":2,"18":2,"19":2,"20":2,"21":1,"22":1,"23":0,"24":0,"25":1,"26":1,"27":1,"28":1,"29":1,"30":1,"31":0,"32":1,"33":0,"34":0,"35":1,"36":1,"37":2,"38":2,"39":2,"40":2,"41":1,"42":1,"43":0,"44":0,"45":1},"f":{"0":1,"1":1,"2":2,"3":1,"4":2},"b":{"0":[1,1],"1":[0,1],"2":[1,1]}}
,"/home/manzi/Project/ELEVATE-system/backend/src/controllers/profileController.ts": {"path":"/home/manzi/Project/ELEVATE-system/backend/src/controllers/profileController.ts","statementMap":{"0":{"start":{"line":3,"column":0},"end":{"line":3,"column":66}},"1":{"start":{"line":4,"column":0},"end":{"line":4,"column":56}},"2":{"start":{"line":6,"column":26},"end":{"line":27,"column":1}},"3":{"start":{"line":7,"column":2},"end":{"line":26,"column":3}},"4":{"start":{"line":8,"column":17},"end":{"line":8,"column":48}},"5":{"start":{"line":9,"column":4},"end":{"line":14,"column":5}},"6":{"start":{"line":10,"column":6},"end":{"line":13,"column":9}},"7":{"start":{"line":16,"column":4},"end":{"line":19,"column":7}},"8":{"start":{"line":21,"column":4},"end":{"line":21,"column":47}},"9":{"start":{"line":22,"column":4},"end":{"line":25,"column":7}},"10":{"start":{"line":6,"column":13},"end":{"line":6,"column":26}},"11":{"start":{"line":29,"column":29},"end":{"line":50,"column":1}},"12":{"start":{"line":30,"column":2},"end":{"line":49,"column":3}},"13":{"start":{"line":31,"column":20},"end":{"line":31,"column":60}},"14":{"start":{"line":32,"column":4},"end":{"line":37,"column":5}},"15":{"start":{"line":33,"column":6},"end":{"line":36,"column":9}},"16":{"start":{"line":39,"column":4},"end":{"line":42,"column":7}},"17":{"start":{"line":44,"column":4},"end":{"line":44,"column":50}},"18":{"start":{"line":45,"column":4},"end":{"line":48,"column":7}},"19":{"start":{"line":29,"column":13},"end":{"line":29,"column":29}},"20":{"start":{"line":52,"column":24},"end":{"line":66,"column":1}},"21":{"start":{"line":53,"column":2},"end":{"line":65,"column":3}},"22":{"start":{"line":54,"column":18},"end":{"line":54,"column":50}},"23":{"start":{"line":55,"column":4},"end":{"line":58,"column":7}},"24":{"start":{"line":60,"column":4},"end":{"line":60,"column":45}},"25":{"start":{"line":61,"column":4},"end":{"line":64,"column":7}},"26":{"start":{"line":52,"column":13},"end":{"line":52,"column":24}}},"fnMap":{"0":{"name":"(anonymous_0)","decl":{"start":{"line":6,"column":26},"end":{"line":6,"column":31}},"loc":{"start":{"line":6,"column":68},"end":{"line":27,"column":1}}},"1":{"name":"(anonymous_1)","decl":{"start":{"line":29,"column":29},"end":{"line":29,"column":34}},"loc":{"start":{"line":29,"column":71},"end":{"line":50,"column":1}}},"2":{"name":"(anonymous_2)","decl":{"start":{"line":52,"column":24},"end":{"line":52,"column":29}},"loc":{"start":{"line":52,"column":66},"end":{"line":66,"column":1}}}},"branchMap":{"0":{"loc":{"start":{"line":9,"column":4},"end":{"line":14,"column":5}},"type":"if","locations":[{"start":{"line":9,"column":4},"end":{"line":14,"column":5}},{"start":{},"end":{}}]},"1":{"loc":{"start":{"line":32,"column":4},"end":{"line":37,"column":5}},"type":"if","locations":[{"start":{"line":32,"column":4},"end":{"line":37,"column":5}},{"start":{},"end":{}}]}},"s":{"0":0,"1":0,"2":0,"3":0,"4":0,"5":0,"6":0,"7":0,"8":0,"9":0,"10":0,"11":0,"12":0,"13":0,"14":0,"15":0,"16":0,"17":0,"18":0,"19":0,"20":0,"21":0,"22":0,"23":0,"24":0,"25":0,"26":0},"f":{"0":0,"1":0,"2":0},"b":{"0":[0,0],"1":[0,0]}}
,"/home/manzi/Project/ELEVATE-system/backend/src/controllers/projectsController.ts": {"path":"/home/manzi/Project/ELEVATE-system/backend/src/controllers/projectsController.ts","statementMap":{"0":{"start":{"line":3,"column":0},"end":{"line":3,"column":116}},"1":{"start":{"line":5,"column":20},"end":{"line":19,"column":1}},"2":{"start":{"line":6,"column":2},"end":{"line":18,"column":3}},"3":{"start":{"line":7,"column":21},"end":{"line":7,"column":53}},"4":{"start":{"line":8,"column":4},"end":{"line":11,"column":7}},"5":{"start":{"line":13,"column":4},"end":{"line":13,"column":49}},"6":{"start":{"line":14,"column":4},"end":{"line":17,"column":7}},"7":{"start":{"line":5,"column":13},"end":{"line":5,"column":20}},"8":{"start":{"line":21,"column":22},"end":{"line":38,"column":1}},"9":{"start":{"line":22,"column":2},"end":{"line":37,"column":3}},"10":{"start":{"line":23,"column":20},"end":{"line":26,"column":6}},"11":{"start":{"line":27,"column":4},"end":{"line":30,"column":7}},"12":{"start":{"line":32,"column":4},"end":{"line":32,"column":50}},"13":{"start":{"line":33,"column":4},"end":{"line":36,"column":7}},"14":{"start":{"line":21,"column":13},"end":{"line":21,"column":22}},"15":{"start":{"line":40,"column":23},"end":{"line":61,"column":1}},"16":{"start":{"line":41,"column":2},"end":{"line":60,"column":3}},"17":{"start":{"line":42,"column":19},"end":{"line":42,"column":29}},"18":{"start":{"line":43,"column":20},"end":{"line":43,"column":54}},"19":{"start":{"line":44,"column":4},"end":{"line":49,"column":5}},"20":{"start":{"line":45,"column":6},"end":{"line":48,"column":9}},"21":{"start":{"line":50,"column":4},"end":{"line":53,"column":7}},"22":{"start":{"line":55,"column":4},"end":{"line":55,"column":47}},"23":{"start":{"line":56,"column":4},"end":{"line":59,"column":7}},"24":{"start":{"line":40,"column":13},"end":{"line":40,"column":23}},"25":{"start":{"line":63,"column":22},"end":{"line":84,"column":1}},"26":{"start":{"line":64,"column":2},"end":{"line":83,"column":3}},"27":{"start":{"line":65,"column":19},"end":{"line":65,"column":29}},"28":{"start":{"line":66,"column":20},"end":{"line":66,"column":67}},"29":{"start":{"line":67,"column":4},"end":{"line":72,"column":5}},"30":{"start":{"line":68,"column":6},"end":{"line":71,"column":9}},"31":{"start":{"line":73,"column":4},"end":{"line":76,"column":7}},"32":{"start":{"line":78,"column":4},"end":{"line":78,"column":50}},"33":{"start":{"line":79,"column":4},"end":{"line":82,"column":7}},"34":{"start":{"line":63,"column":13},"end":{"line":63,"column":22}},"35":{"start":{"line":86,"column":22},"end":{"line":104,"column":1}},"36":{"start":{"line":87,"column":2},"end":{"line":103,"column":3}},"37":{"start":{"line":88,"column":19},"end":{"line":88,"column":29}},"38":{"start":{"line":89,"column":20},"end":{"line":89,"column":57}},"39":{"start":{"line":90,"column":4},"end":{"line":95,"column":5}},"40":{"start":{"line":91,"column":6},"end":{"line":94,"column":9}},"41":{"start":{"line":96,"column":4},"end":{"line":96,"column":27}},"42":{"start":{"line":98,"column":4},"end":{"line":98,"column":50}},"43":{"start":{"line":99,"column":4},"end":{"line":102,"column":7}},"44":{"start":{"line":86,"column":13},"end":{"line":86,"column":22}}},"fnMap":{"0":{"name":"(anonymous_0)","decl":{"start":{"line":5,"column":20},"end":{"line":5,"column":25}},"loc":{"start":{"line":5,"column":62},"end":{"line":19,"column":1}}},"1":{"name":"(anonymous_1)","decl":{"start":{"line":21,"column":22},"end":{"line":21,"column":27}},"loc":{"start":{"line":21,"column":64},"end":{"line":38,"column":1}}},"2":{"name":"(anonymous_2)","decl":{"start":{"line":40,"column":23},"end":{"line":40,"column":28}},"loc":{"start":{"line":40,"column":65},"end":{"line":61,"column":1}}},"3":{"name":"(anonymous_3)","decl":{"start":{"line":63,"column":22},"end":{"line":63,"column":27}},"loc":{"start":{"line":63,"column":64},"end":{"line":84,"column":1}}},"4":{"name":"(anonymous_4)","decl":{"start":{"line":86,"column":22},"end":{"line":86,"column":27}},"loc":{"start":{"line":86,"column":64},"end":{"line":104,"column":1}}}},"branchMap":{"0":{"loc":{"start":{"line":44,"column":4},"end":{"line":49,"column":5}},"type":"if","locations":[{"start":{"line":44,"column":4},"end":{"line":49,"column":5}},{"start":{},"end":{}}]},"1":{"loc":{"start":{"line":67,"column":4},"end":{"line":72,"column":5}},"type":"if","locations":[{"start":{"line":67,"column":4},"end":{"line":72,"column":5}},{"start":{},"end":{}}]},"2":{"loc":{"start":{"line":90,"column":4},"end":{"line":95,"column":5}},"type":"if","locations":[{"start":{"line":90,"column":4},"end":{"line":95,"column":5}},{"start":{},"end":{}}]}},"s":{"0":0,"1":0,"2":0,"3":0,"4":0,"5":0,"6":0,"7":0,"8":0,"9":0,"10":0,"11":0,"12":0,"13":0,"14":0,"15":0,"16":0,"17":0,"18":0,"19":0,"20":0,"21":0,"22":0,"23":0,"24":0,"25":0,"26":0,"27":0,"28":0,"29":0,"30":0,"31":0,"32":0,"33":0,"34":0,"35":0,"36":0,"37":0,"38":0,"39":0,"40":0,"41":0,"42":0,"43":0,"44":0},"f":{"0":0,"1":0,"2":0,"3":0,"4":0},"b":{"0":[0,0],"1":[0,0],"2":[0,0]}}
,"/home/manzi/Project/ELEVATE-system/backend/src/controllers/reflectionsController.ts": {"path":"/home/manzi/Project/ELEVATE-system/backend/src/controllers/reflectionsController.ts","statementMap":{"0":{"start":{"line":3,"column":0},"end":{"line":3,"column":134}},"1":{"start":{"line":5,"column":20},"end":{"line":19,"column":1}},"2":{"start":{"line":6,"column":2},"end":{"line":18,"column":3}},"3":{"start":{"line":7,"column":24},"end":{"line":7,"column":59}},"4":{"start":{"line":8,"column":4},"end":{"line":11,"column":7}},"5":{"start":{"line":13,"column":4},"end":{"line":13,"column":52}},"6":{"start":{"line":14,"column":4},"end":{"line":17,"column":7}},"7":{"start":{"line":5,"column":13},"end":{"line":5,"column":20}},"8":{"start":{"line":21,"column":22},"end":{"line":38,"column":1}},"9":{"start":{"line":22,"column":2},"end":{"line":37,"column":3}},"10":{"start":{"line":23,"column":23},"end":{"line":26,"column":6}},"11":{"start":{"line":27,"column":4},"end":{"line":30,"column":7}},"12":{"start":{"line":32,"column":4},"end":{"line":32,"column":53}},"13":{"start":{"line":33,"column":4},"end":{"line":36,"column":7}},"14":{"start":{"line":21,"column":13},"end":{"line":21,"column":22}},"15":{"start":{"line":40,"column":23},"end":{"line":61,"column":1}},"16":{"start":{"line":41,"column":2},"end":{"line":60,"column":3}},"17":{"start":{"line":42,"column":19},"end":{"line":42,"column":29}},"18":{"start":{"line":43,"column":23},"end":{"line":43,"column":60}},"19":{"start":{"line":44,"column":4},"end":{"line":49,"column":5}},"20":{"start":{"line":45,"column":6},"end":{"line":48,"column":9}},"21":{"start":{"line":50,"column":4},"end":{"line":53,"column":7}},"22":{"start":{"line":55,"column":4},"end":{"line":55,"column":50}},"23":{"start":{"line":56,"column":4},"end":{"line":59,"column":7}},"24":{"start":{"line":40,"column":13},"end":{"line":40,"column":23}},"25":{"start":{"line":63,"column":22},"end":{"line":84,"column":1}},"26":{"start":{"line":64,"column":2},"end":{"line":83,"column":3}},"27":{"start":{"line":65,"column":19},"end":{"line":65,"column":29}},"28":{"start":{"line":66,"column":20},"end":{"line":66,"column":70}},"29":{"start":{"line":67,"column":4},"end":{"line":72,"column":5}},"30":{"start":{"line":68,"column":6},"end":{"line":71,"column":9}},"31":{"start":{"line":73,"column":4},"end":{"line":76,"column":7}},"32":{"start":{"line":78,"column":4},"end":{"line":78,"column":53}},"33":{"start":{"line":79,"column":4},"end":{"line":82,"column":7}},"34":{"start":{"line":63,"column":13},"end":{"line":63,"column":22}},"35":{"start":{"line":86,"column":22},"end":{"line":104,"column":1}},"36":{"start":{"line":87,"column":2},"end":{"line":103,"column":3}},"37":{"start":{"line":88,"column":19},"end":{"line":88,"column":29}},"38":{"start":{"line":89,"column":20},"end":{"line":89,"column":60}},"39":{"start":{"line":90,"column":4},"end":{"line":95,"column":5}},"40":{"start":{"line":91,"column":6},"end":{"line":94,"column":9}},"41":{"start":{"line":96,"column":4},"end":{"line":96,"column":27}},"42":{"start":{"line":98,"column":4},"end":{"line":98,"column":53}},"43":{"start":{"line":99,"column":4},"end":{"line":102,"column":7}},"44":{"start":{"line":86,"column":13},"end":{"line":86,"column":22}}},"fnMap":{"0":{"name":"(anonymous_0)","decl":{"start":{"line":5,"column":20},"end":{"line":5,"column":25}},"loc":{"start":{"line":5,"column":62},"end":{"line":19,"column":1}}},"1":{"name":"(anonymous_1)","decl":{"start":{"line":21,"column":22},"end":{"line":21,"column":27}},"loc":{"start":{"line":21,"column":64},"end":{"line":38,"column":1}}},"2":{"name":"(anonymous_2)","decl":{"start":{"line":40,"column":23},"end":{"line":40,"column":28}},"loc":{"start":{"line":40,"column":65},"end":{"line":61,"column":1}}},"3":{"name":"(anonymous_3)","decl":{"start":{"line":63,"column":22},"end":{"line":63,"column":27}},"loc":{"start":{"line":63,"column":64},"end":{"line":84,"column":1}}},"4":{"name":"(anonymous_4)","decl":{"start":{"line":86,"column":22},"end":{"line":86,"column":27}},"loc":{"start":{"line":86,"column":64},"end":{"line":104,"column":1}}}},"branchMap":{"0":{"loc":{"start":{"line":44,"column":4},"end":{"line":49,"column":5}},"type":"if","locations":[{"start":{"line":44,"column":4},"end":{"line":49,"column":5}},{"start":{},"end":{}}]},"1":{"loc":{"start":{"line":67,"column":4},"end":{"line":72,"column":5}},"type":"if","locations":[{"start":{"line":67,"column":4},"end":{"line":72,"column":5}},{"start":{},"end":{}}]},"2":{"loc":{"start":{"line":90,"column":4},"end":{"line":95,"column":5}},"type":"if","locations":[{"start":{"line":90,"column":4},"end":{"line":95,"column":5}},{"start":{},"end":{}}]}},"s":{"0":0,"1":0,"2":0,"3":0,"4":0,"5":0,"6":0,"7":0,"8":0,"9":0,"10":0,"11":0,"12":0,"13":0,"14":0,"15":0,"16":0,"17":0,"18":0,"19":0,"20":0,"21":0,"22":0,"23":0,"24":0,"25":0,"26":0,"27":0,"28":0,"29":0,"30":0,"31":0,"32":0,"33":0,"34":0,"35":0,"36":0,"37":0,"38":0,"39":0,"40":0,"41":0,"42":0,"43":0,"44":0},"f":{"0":0,"1":0,"2":0,"3":0,"4":0},"b":{"0":[0,0],"1":[0,0],"2":[0,0]}}
,"/home/manzi/Project/ELEVATE-system/backend/src/db/prisma.ts": {"path":"/home/manzi/Project/ELEVATE-system/backend/src/db/prisma.ts","statementMap":{"0":{"start":{"line":1,"column":0},"end":{"line":1,"column":46}},"1":{"start":{"line":3,"column":13},"end":{"line":3,"column":41}}},"fnMap":{},"branchMap":{},"s":{"0":0,"1":0},"f":{},"b":{}}
,"/home/manzi/Project/ELEVATE-system/backend/src/middlewares/auth.ts": {"path":"/home/manzi/Project/ELEVATE-system/backend/src/middlewares/auth.ts","statementMap":{"0":{"start":{"line":2,"column":0},"end":{"line":2,"column":43}},"1":{"start":{"line":3,"column":0},"end":{"line":3,"column":54}},"2":{"start":{"line":14,"column":28},"end":{"line":51,"column":1}},"3":{"start":{"line":15,"column":2},"end":{"line":50,"column":3}},"4":{"start":{"line":16,"column":23},"end":{"line":16,"column":48}},"5":{"start":{"line":17,"column":4},"end":{"line":22,"column":5}},"6":{"start":{"line":18,"column":6},"end":{"line":21,"column":9}},"7":{"start":{"line":24,"column":18},"end":{"line":24,"column":41}},"8":{"start":{"line":25,"column":20},"end":{"line":25,"column":38}},"9":{"start":{"line":27,"column":4},"end":{"line":32,"column":5}},"10":{"start":{"line":28,"column":6},"end":{"line":31,"column":9}},"11":{"start":{"line":34,"column":17},"end":{"line":34,"column":50}},"12":{"start":{"line":35,"column":4},"end":{"line":40,"column":5}},"13":{"start":{"line":36,"column":6},"end":{"line":39,"column":9}},"14":{"start":{"line":42,"column":4},"end":{"line":42,"column":20}},"15":{"start":{"line":43,"column":4},"end":{"line":43,"column":11}},"16":{"start":{"line":45,"column":4},"end":{"line":45,"column":51}},"17":{"start":{"line":46,"column":4},"end":{"line":49,"column":7}},"18":{"start":{"line":14,"column":13},"end":{"line":14,"column":28}},"19":{"start":{"line":53,"column":27},"end":{"line":63,"column":1}},"20":{"start":{"line":54,"column":2},"end":{"line":62,"column":4}},"21":{"start":{"line":55,"column":4},"end":{"line":60,"column":5}},"22":{"start":{"line":56,"column":6},"end":{"line":59,"column":9}},"23":{"start":{"line":61,"column":4},"end":{"line":61,"column":11}},"24":{"start":{"line":53,"column":13},"end":{"line":53,"column":27}},"25":{"start":{"line":66,"column":13},"end":{"line":66,"column":51}},"26":{"start":{"line":67,"column":13},"end":{"line":67,"column":62}},"27":{"start":{"line":70,"column":13},"end":{"line":70,"column":40}}},"fnMap":{"0":{"name":"(anonymous_0)","decl":{"start":{"line":14,"column":28},"end":{"line":14,"column":33}},"loc":{"start":{"line":14,"column":90},"end":{"line":51,"column":1}}},"1":{"name":"(anonymous_1)","decl":{"start":{"line":53,"column":27},"end":{"line":53,"column":28}},"loc":{"start":{"line":53,"column":47},"end":{"line":63,"column":1}}},"2":{"name":"(anonymous_2)","decl":{"start":{"line":54,"column":9},"end":{"line":54,"column":10}},"loc":{"start":{"line":54,"column":65},"end":{"line":62,"column":3}}}},"branchMap":{"0":{"loc":{"start":{"line":17,"column":4},"end":{"line":22,"column":5}},"type":"if","locations":[{"start":{"line":17,"column":4},"end":{"line":22,"column":5}},{"start":{},"end":{}}]},"1":{"loc":{"start":{"line":17,"column":8},"end":{"line":17,"column":56}},"type":"binary-expr","locations":[{"start":{"line":17,"column":8},"end":{"line":17,"column":19}},{"start":{"line":17,"column":23},"end":{"line":17,"column":56}}]},"2":{"loc":{"start":{"line":27,"column":4},"end":{"line":32,"column":5}},"type":"if","locations":[{"start":{"line":27,"column":4},"end":{"line":32,"column":5}},{"start":{},"end":{}}]},"3":{"loc":{"start":{"line":35,"column":4},"end":{"line":40,"column":5}},"type":"if","locations":[{"start":{"line":35,"column":4},"end":{"line":40,"column":5}},{"start":{},"end":{}}]},"4":{"loc":{"start":{"line":55,"column":4},"end":{"line":60,"column":5}},"type":"if","locations":[{"start":{"line":55,"column":4},"end":{"line":60,"column":5}},{"start":{},"end":{}}]},"5":{"loc":{"start":{"line":55,"column":8},"end":{"line":55,"column":51}},"type":"binary-expr","locations":[{"start":{"line":55,"column":8},"end":{"line":55,"column":17}},{"start":{"line":55,"column":21},"end":{"line":55,"column":51}}]}},"s":{"0":1,"1":1,"2":1,"3":4,"4":4,"5":4,"6":1,"7":3,"8":3,"9":3,"10":1,"11":2,"12":2,"13":1,"14":1,"15":1,"16":0,"17":0,"18":1,"19":1,"20":5,"21":3,"22":2,"23":1,"24":1,"25":1,"26":1,"27":1},"f":{"0":4,"1":5,"2":3},"b":{"0":[1,3],"1":[4,3],"2":[1,2],"3":[1,1],"4":[2,1],"5":[3,2]}}
,"/home/manzi/Project/ELEVATE-system/backend/src/middlewares/security.ts": {"path":"/home/manzi/Project/ELEVATE-system/backend/src/middlewares/security.ts","statementMap":{"0":{"start":{"line":1,"column":0},"end":{"line":1,"column":43}},"1":{"start":{"line":2,"column":0},"end":{"line":2,"column":28}},"2":{"start":{"line":3,"column":0},"end":{"line":3,"column":59}},"3":{"start":{"line":7,"column":13},"end":{"line":11,"column":3}},"4":{"start":{"line":13,"column":13},"end":{"line":17,"column":3}},"5":{"start":{"line":20,"column":13},"end":{"line":29,"column":3}},"6":{"start":{"line":32,"column":13},"end":{"line":32,"column":70}},"7":{"start":{"line":33,"column":13},"end":{"line":33,"column":78}},"8":{"start":{"line":34,"column":13},"end":{"line":34,"column":80}},"9":{"start":{"line":36,"column":38},"end":{"line":46,"column":1}},"10":{"start":{"line":37,"column":17},"end":{"line":37,"column":38}},"11":{"start":{"line":38,"column":2},"end":{"line":44,"column":3}},"12":{"start":{"line":39,"column":4},"end":{"line":43,"column":7}},"13":{"start":{"line":45,"column":2},"end":{"line":45,"column":9}},"14":{"start":{"line":36,"column":13},"end":{"line":36,"column":38}}},"fnMap":{"0":{"name":"(anonymous_1)","decl":{"start":{"line":36,"column":38},"end":{"line":36,"column":39}},"loc":{"start":{"line":36,"column":90},"end":{"line":46,"column":1}}}},"branchMap":{"0":{"loc":{"start":{"line":38,"column":2},"end":{"line":44,"column":3}},"type":"if","locations":[{"start":{"line":38,"column":2},"end":{"line":44,"column":3}},{"start":{},"end":{}}]}},"s":{"0":0,"1":0,"2":0,"3":0,"4":0,"5":0,"6":0,"7":0,"8":0,"9":0,"10":0,"11":0,"12":0,"13":0,"14":0},"f":{"0":0},"b":{"0":[0,0]}}
,"/home/manzi/Project/ELEVATE-system/backend/src/middlewares/validate.ts": {"path":"/home/manzi/Project/ELEVATE-system/backend/src/middlewares/validate.ts","statementMap":{"0":{"start":{"line":2,"column":0},"end":{"line":2,"column":45}},"1":{"start":{"line":4,"column":24},"end":{"line":17,"column":1}},"2":{"start":{"line":4,"column":50},"end":{"line":17,"column":1}},"3":{"start":{"line":5,"column":2},"end":{"line":16,"column":3}},"4":{"start":{"line":6,"column":19},"end":{"line":6,"column":89}},"5":{"start":{"line":7,"column":4},"end":{"line":7,"column":48}},"6":{"start":{"line":8,"column":4},"end":{"line":8,"column":54}},"7":{"start":{"line":10,"column":4},"end":{"line":10,"column":11}},"8":{"start":{"line":12,"column":4},"end":{"line":14,"column":5}},"9":{"start":{"line":13,"column":6},"end":{"line":13,"column":95}},"10":{"start":{"line":13,"column":69},"end":{"line":13,"column":79}},"11":{"start":{"line":15,"column":4},"end":{"line":15,"column":62}},"12":{"start":{"line":4,"column":13},"end":{"line":4,"column":24}}},"fnMap":{"0":{"name":"(anonymous_0)","decl":{"start":{"line":4,"column":24},"end":{"line":4,"column":25}},"loc":{"start":{"line":4,"column":50},"end":{"line":17,"column":1}}},"1":{"name":"(anonymous_1)","decl":{"start":{"line":4,"column":50},"end":{"line":4,"column":51}},"loc":{"start":{"line":4,"column":102},"end":{"line":17,"column":1}}},"2":{"name":"(anonymous_2)","decl":{"start":{"line":13,"column":56},"end":{"line":13,"column":57}},"loc":{"start":{"line":13,"column":69},"end":{"line":13,"column":79}}}},"branchMap":{"0":{"loc":{"start":{"line":7,"column":16},"end":{"line":7,"column":47}},"type":"binary-expr","locations":[{"start":{"line":7,"column":16},"end":{"line":7,"column":35}},{"start":{"line":7,"column":39},"end":{"line":7,"column":47}}]},"1":{"loc":{"start":{"line":8,"column":18},"end":{"line":8,"column":53}},"type":"binary-expr","locations":[{"start":{"line":8,"column":18},"end":{"line":8,"column":39}},{"start":{"line":8,"column":43},"end":{"line":8,"column":53}}]},"2":{"loc":{"start":{"line":12,"column":4},"end":{"line":14,"column":5}},"type":"if","locations":[{"start":{"line":12,"column":4},"end":{"line":14,"column":5}},{"start":{},"end":{}}]}},"s":{"0":0,"1":0,"2":0,"3":0,"4":0,"5":0,"6":0,"7":0,"8":0,"9":0,"10":0,"11":0,"12":0},"f":{"0":0,"1":0,"2":0},"b":{"0":[0,0],"1":[0,0],"2":[0,0]}}
,"/home/manzi/Project/ELEVATE-system/backend/src/models/schemas.ts": {"path":"/home/manzi/Project/ELEVATE-system/backend/src/models/schemas.ts","statementMap":{"0":{"start":{"line":1,"column":0},"end":{"line":1,"column":24}},"1":{"start":{"line":3,"column":13},"end":{"line":11,"column":3}},"2":{"start":{"line":6,"column":17},"end":{"line":6,"column":89}},"3":{"start":{"line":13,"column":13},"end":{"line":22,"column":3}},"4":{"start":{"line":16,"column":17},"end":{"line":16,"column":89}},"5":{"start":{"line":24,"column":13},"end":{"line":29,"column":3}},"6":{"start":{"line":31,"column":13},"end":{"line":38,"column":3}},"7":{"start":{"line":40,"column":13},"end":{"line":50,"column":3}},"8":{"start":{"line":52,"column":13},"end":{"line":52,"column":80}},"9":{"start":{"line":54,"column":13},"end":{"line":63,"column":3}},"10":{"start":{"line":65,"column":13},"end":{"line":76,"column":3}},"11":{"start":{"line":78,"column":13},"end":{"line":86,"column":3}},"12":{"start":{"line":88,"column":13},"end":{"line":96,"column":3}},"13":{"start":{"line":98,"column":13},"end":{"line":104,"column":3}},"14":{"start":{"line":106,"column":13},"end":{"line":113,"column":3}},"15":{"start":{"line":115,"column":13},"end":{"line":120,"column":3}}},"fnMap":{"0":{"name":"(anonymous_0)","decl":{"start":{"line":6,"column":6},"end":{"line":6,"column":7}},"loc":{"start":{"line":6,"column":17},"end":{"line":6,"column":89}}},"1":{"name":"(anonymous_1)","decl":{"start":{"line":16,"column":6},"end":{"line":16,"column":7}},"loc":{"start":{"line":16,"column":17},"end":{"line":16,"column":89}}}},"branchMap":{"0":{"loc":{"start":{"line":6,"column":17},"end":{"line":6,"column":89}},"type":"binary-expr","locations":[{"start":{"line":6,"column":17},"end":{"line":6,"column":50}},{"start":{"line":6,"column":54},"end":{"line":6,"column":89}}]},"1":{"loc":{"start":{"line":16,"column":17},"end":{"line":16,"column":89}},"type":"binary-expr","locations":[{"start":{"line":16,"column":17},"end":{"line":16,"column":50}},{"start":{"line":16,"column":54},"end":{"line":16,"column":89}}]}},"s":{"0":0,"1":0,"2":0,"3":0,"4":0,"5":0,"6":0,"7":0,"8":0,"9":0,"10":0,"11":0,"12":0,"13":0,"14":0,"15":0},"f":{"0":0,"1":0},"b":{"0":[0,0],"1":[0,0]}}
,"/home/manzi/Project/ELEVATE-system/backend/src/routes/admin.ts": {"path":"/home/manzi/Project/ELEVATE-system/backend/src/routes/admin.ts","statementMap":{"0":{"start":{"line":1,"column":0},"end":{"line":1,"column":33}},"1":{"start":{"line":2,"column":0},"end":{"line":2,"column":64}},"2":{"start":{"line":3,"column":0},"end":{"line":3,"column":77}},"3":{"start":{"line":4,"column":0},"end":{"line":4,"column":85}},"4":{"start":{"line":6,"column":15},"end":{"line":6,"column":23}},"5":{"start":{"line":8,"column":0},"end":{"line":8,"column":24}},"6":{"start":{"line":9,"column":0},"end":{"line":9,"column":25}},"7":{"start":{"line":27,"column":0},"end":{"line":27,"column":37}},"8":{"start":{"line":41,"column":0},"end":{"line":41,"column":34}},"9":{"start":{"line":60,"column":0},"end":{"line":72,"column":3}},"10":{"start":{"line":61,"column":2},"end":{"line":71,"column":3}},"11":{"start":{"line":62,"column":20},"end":{"line":62,"column":39}},"12":{"start":{"line":63,"column":16},"end":{"line":63,"column":49}},"13":{"start":{"line":65,"column":4},"end":{"line":65,"column":53}},"14":{"start":{"line":66,"column":4},"end":{"line":66,"column":82}},"15":{"start":{"line":67,"column":4},"end":{"line":67,"column":18}},"16":{"start":{"line":69,"column":4},"end":{"line":69,"column":46}},"17":{"start":{"line":70,"column":4},"end":{"line":70,"column":60}},"18":{"start":{"line":90,"column":0},"end":{"line":102,"column":3}},"19":{"start":{"line":91,"column":2},"end":{"line":101,"column":3}},"20":{"start":{"line":92,"column":20},"end":{"line":92,"column":39}},"21":{"start":{"line":93,"column":16},"end":{"line":93,"column":49}},"22":{"start":{"line":95,"column":4},"end":{"line":95,"column":46}},"23":{"start":{"line":96,"column":4},"end":{"line":96,"column":82}},"24":{"start":{"line":97,"column":4},"end":{"line":97,"column":18}},"25":{"start":{"line":99,"column":4},"end":{"line":99,"column":46}},"26":{"start":{"line":100,"column":4},"end":{"line":100,"column":60}},"27":{"start":{"line":104,"column":0},"end":{"line":104,"column":22}}},"fnMap":{"0":{"name":"(anonymous_0)","decl":{"start":{"line":60,"column":26},"end":{"line":60,"column":31}},"loc":{"start":{"line":60,"column":45},"end":{"line":72,"column":1}}},"1":{"name":"(anonymous_1)","decl":{"start":{"line":90,"column":26},"end":{"line":90,"column":31}},"loc":{"start":{"line":90,"column":45},"end":{"line":102,"column":1}}}},"branchMap":{},"s":{"0":0,"1":0,"2":0,"3":0,"4":0,"5":0,"6":0,"7":0,"8":0,"9":0,"10":0,"11":0,"12":0,"13":0,"14":0,"15":0,"16":0,"17":0,"18":0,"19":0,"20":0,"21":0,"22":0,"23":0,"24":0,"25":0,"26":0,"27":0},"f":{"0":0,"1":0},"b":{}}
,"/home/manzi/Project/ELEVATE-system/backend/src/routes/auth.ts": {"path":"/home/manzi/Project/ELEVATE-system/backend/src/routes/auth.ts","statementMap":{"0":{"start":{"line":1,"column":0},"end":{"line":1,"column":33}},"1":{"start":{"line":2,"column":0},"end":{"line":2,"column":74}},"2":{"start":{"line":3,"column":0},"end":{"line":3,"column":51}},"3":{"start":{"line":4,"column":0},"end":{"line":4,"column":82}},"4":{"start":{"line":12,"column":15},"end":{"line":12,"column":23}},"5":{"start":{"line":50,"column":0},"end":{"line":50,"column":52}},"6":{"start":{"line":88,"column":0},"end":{"line":88,"column":60}},"7":{"start":{"line":125,"column":0},"end":{"line":125,"column":66}},"8":{"start":{"line":127,"column":0},"end":{"line":127,"column":22}}},"fnMap":{},"branchMap":{},"s":{"0":0,"1":0,"2":0,"3":0,"4":0,"5":0,"6":0,"7":0,"8":0},"f":{},"b":{}}
,"/home/manzi/Project/ELEVATE-system/backend/src/routes/circles.ts": {"path":"/home/manzi/Project/ELEVATE-system/backend/src/routes/circles.ts","statementMap":{"0":{"start":{"line":1,"column":0},"end":{"line":1,"column":33}},"1":{"start":{"line":2,"column":0},"end":{"line":2,"column":50}},"2":{"start":{"line":3,"column":0},"end":{"line":3,"column":38}},"3":{"start":{"line":5,"column":15},"end":{"line":5,"column":23}},"4":{"start":{"line":7,"column":0},"end":{"line":7,"column":24}},"5":{"start":{"line":21,"column":0},"end":{"line":35,"column":3}},"6":{"start":{"line":22,"column":2},"end":{"line":34,"column":3}},"7":{"start":{"line":23,"column":20},"end":{"line":25,"column":6}},"8":{"start":{"line":27,"column":4},"end":{"line":30,"column":7}},"9":{"start":{"line":32,"column":4},"end":{"line":32,"column":47}},"10":{"start":{"line":33,"column":4},"end":{"line":33,"column":63}},"11":{"start":{"line":60,"column":0},"end":{"line":80,"column":3}},"12":{"start":{"line":61,"column":2},"end":{"line":79,"column":3}},"13":{"start":{"line":62,"column":58},"end":{"line":62,"column":66}},"14":{"start":{"line":64,"column":19},"end":{"line":70,"column":6}},"15":{"start":{"line":72,"column":4},"end":{"line":75,"column":7}},"16":{"start":{"line":77,"column":4},"end":{"line":77,"column":49}},"17":{"start":{"line":78,"column":4},"end":{"line":78,"column":63}},"18":{"start":{"line":100,"column":0},"end":{"line":120,"column":3}},"19":{"start":{"line":101,"column":2},"end":{"line":119,"column":3}},"20":{"start":{"line":102,"column":19},"end":{"line":102,"column":29}},"21":{"start":{"line":104,"column":19},"end":{"line":106,"column":6}},"22":{"start":{"line":108,"column":4},"end":{"line":110,"column":5}},"23":{"start":{"line":109,"column":6},"end":{"line":109,"column":65}},"24":{"start":{"line":112,"column":4},"end":{"line":115,"column":7}},"25":{"start":{"line":117,"column":4},"end":{"line":117,"column":46}},"26":{"start":{"line":118,"column":4},"end":{"line":118,"column":62}},"27":{"start":{"line":122,"column":0},"end":{"line":122,"column":22}}},"fnMap":{"0":{"name":"(anonymous_0)","decl":{"start":{"line":21,"column":16},"end":{"line":21,"column":21}},"loc":{"start":{"line":21,"column":35},"end":{"line":35,"column":1}}},"1":{"name":"(anonymous_1)","decl":{"start":{"line":60,"column":17},"end":{"line":60,"column":22}},"loc":{"start":{"line":60,"column":36},"end":{"line":80,"column":1}}},"2":{"name":"(anonymous_2)","decl":{"start":{"line":100,"column":19},"end":{"line":100,"column":24}},"loc":{"start":{"line":100,"column":38},"end":{"line":120,"column":1}}}},"branchMap":{"0":{"loc":{"start":{"line":62,"column":31},"end":{"line":62,"column":53}},"type":"default-arg","locations":[{"start":{"line":62,"column":42},"end":{"line":62,"column":53}}]},"1":{"loc":{"start":{"line":108,"column":4},"end":{"line":110,"column":5}},"type":"if","locations":[{"start":{"line":108,"column":4},"end":{"line":110,"column":5}},{"start":{},"end":{}}]}},"s":{"0":0,"1":0,"2":0,"3":0,"4":0,"5":0,"6":0,"7":0,"8":0,"9":0,"10":0,"11":0,"12":0,"13":0,"14":0,"15":0,"16":0,"17":0,"18":0,"19":0,"20":0,"21":0,"22":0,"23":0,"24":0,"25":0,"26":0,"27":0},"f":{"0":0,"1":0,"2":0},"b":{"0":[0],"1":[0,0]}}
,"/home/manzi/Project/ELEVATE-system/backend/src/routes/collaborations.ts": {"path":"/home/manzi/Project/ELEVATE-system/backend/src/routes/collaborations.ts","statementMap":{"0":{"start":{"line":1,"column":0},"end":{"line":1,"column":33}},"1":{"start":{"line":2,"column":0},"end":{"line":2,"column":50}},"2":{"start":{"line":3,"column":0},"end":{"line":3,"column":84}},"3":{"start":{"line":11,"column":15},"end":{"line":11,"column":23}},"4":{"start":{"line":35,"column":0},"end":{"line":35,"column":60}},"5":{"start":{"line":58,"column":0},"end":{"line":58,"column":69}},"6":{"start":{"line":81,"column":0},"end":{"line":81,"column":71}},"7":{"start":{"line":83,"column":0},"end":{"line":83,"column":22}}},"fnMap":{},"branchMap":{},"s":{"0":0,"1":0,"2":0,"3":0,"4":0,"5":0,"6":0,"7":0},"f":{},"b":{}}
,"/home/manzi/Project/ELEVATE-system/backend/src/routes/index.ts": {"path":"/home/manzi/Project/ELEVATE-system/backend/src/routes/index.ts","statementMap":{"0":{"start":{"line":1,"column":0},"end":{"line":1,"column":33}},"1":{"start":{"line":2,"column":0},"end":{"line":2,"column":26}},"2":{"start":{"line":3,"column":0},"end":{"line":3,"column":28}},"3":{"start":{"line":4,"column":0},"end":{"line":4,"column":34}},"4":{"start":{"line":5,"column":0},"end":{"line":5,"column":34}},"5":{"start":{"line":6,"column":0},"end":{"line":6,"column":40}},"6":{"start":{"line":7,"column":0},"end":{"line":7,"column":46}},"7":{"start":{"line":8,"column":0},"end":{"line":8,"column":32}},"8":{"start":{"line":9,"column":0},"end":{"line":9,"column":30}},"9":{"start":{"line":10,"column":0},"end":{"line":10,"column":30}},"10":{"start":{"line":11,"column":0},"end":{"line":11,"column":44}},"11":{"start":{"line":12,"column":0},"end":{"line":12,"column":32}},"12":{"start":{"line":13,"column":0},"end":{"line":13,"column":28}},"13":{"start":{"line":14,"column":0},"end":{"line":14,"column":32}},"14":{"start":{"line":16,"column":15},"end":{"line":16,"column":23}},"15":{"start":{"line":18,"column":0},"end":{"line":18,"column":26}},"16":{"start":{"line":19,"column":0},"end":{"line":19,"column":28}},"17":{"start":{"line":20,"column":0},"end":{"line":20,"column":34}},"18":{"start":{"line":21,"column":0},"end":{"line":21,"column":34}},"19":{"start":{"line":22,"column":0},"end":{"line":22,"column":40}},"20":{"start":{"line":23,"column":0},"end":{"line":23,"column":46}},"21":{"start":{"line":24,"column":0},"end":{"line":24,"column":32}},"22":{"start":{"line":25,"column":0},"end":{"line":25,"column":30}},"23":{"start":{"line":26,"column":0},"end":{"line":26,"column":30}},"24":{"start":{"line":27,"column":0},"end":{"line":27,"column":44}},"25":{"start":{"line":28,"column":0},"end":{"line":28,"column":32}},"26":{"start":{"line":29,"column":0},"end":{"line":29,"column":28}},"27":{"start":{"line":30,"column":0},"end":{"line":30,"column":32}},"28":{"start":{"line":32,"column":0},"end":{"line":32,"column":22}}},"fnMap":{},"branchMap":{},"s":{"0":0,"1":0,"2":0,"3":0,"4":0,"5":0,"6":0,"7":0,"8":0,"9":0,"10":0,"11":0,"12":0,"13":0,"14":0,"15":0,"16":0,"17":0,"18":0,"19":0,"20":0,"21":0,"22":0,"23":0,"24":0,"25":0,"26":0,"27":0,"28":0},"f":{},"b":{}}
,"/home/manzi/Project/ELEVATE-system/backend/src/routes/mentors.ts": {"path":"/home/manzi/Project/ELEVATE-system/backend/src/routes/mentors.ts","statementMap":{"0":{"start":{"line":1,"column":0},"end":{"line":1,"column":33}},"1":{"start":{"line":2,"column":0},"end":{"line":2,"column":50}},"2":{"start":{"line":3,"column":0},"end":{"line":3,"column":38}},"3":{"start":{"line":5,"column":15},"end":{"line":5,"column":23}},"4":{"start":{"line":7,"column":0},"end":{"line":7,"column":24}},"5":{"start":{"line":21,"column":0},"end":{"line":73,"column":3}},"6":{"start":{"line":22,"column":2},"end":{"line":72,"column":3}},"7":{"start":{"line":23,"column":20},"end":{"line":40,"column":6}},"8":{"start":{"line":42,"column":29},"end":{"line":63,"column":7}},"9":{"start":{"line":44,"column":23},"end":{"line":48,"column":8}},"10":{"start":{"line":50,"column":24},"end":{"line":52,"column":31}},"11":{"start":{"line":51,"column":30},"end":{"line":51,"column":40}},"12":{"start":{"line":54,"column":6},"end":{"line":62,"column":8}},"13":{"start":{"line":65,"column":4},"end":{"line":68,"column":7}},"14":{"start":{"line":70,"column":4},"end":{"line":70,"column":47}},"15":{"start":{"line":71,"column":4},"end":{"line":71,"column":63}},"16":{"start":{"line":75,"column":0},"end":{"line":75,"column":22}}},"fnMap":{"0":{"name":"(anonymous_0)","decl":{"start":{"line":21,"column":16},"end":{"line":21,"column":21}},"loc":{"start":{"line":21,"column":35},"end":{"line":73,"column":1}}},"1":{"name":"(anonymous_1)","decl":{"start":{"line":42,"column":59},"end":{"line":42,"column":64}},"loc":{"start":{"line":42,"column":76},"end":{"line":63,"column":5}}},"2":{"name":"(anonymous_2)","decl":{"start":{"line":51,"column":23},"end":{"line":51,"column":24}},"loc":{"start":{"line":51,"column":30},"end":{"line":51,"column":40}}}},"branchMap":{"0":{"loc":{"start":{"line":50,"column":24},"end":{"line":52,"column":31}},"type":"cond-expr","locations":[{"start":{"line":51,"column":10},"end":{"line":51,"column":41}},{"start":{"line":52,"column":10},"end":{"line":52,"column":31}}]}},"s":{"0":0,"1":0,"2":0,"3":0,"4":0,"5":0,"6":0,"7":0,"8":0,"9":0,"10":0,"11":0,"12":0,"13":0,"14":0,"15":0,"16":0},"f":{"0":0,"1":0,"2":0},"b":{"0":[0,0]}}
,"/home/manzi/Project/ELEVATE-system/backend/src/routes/missions.ts": {"path":"/home/manzi/Project/ELEVATE-system/backend/src/routes/missions.ts","statementMap":{"0":{"start":{"line":1,"column":0},"end":{"line":1,"column":33}},"1":{"start":{"line":2,"column":0},"end":{"line":2,"column":50}},"2":{"start":{"line":3,"column":0},"end":{"line":3,"column":72}},"3":{"start":{"line":11,"column":15},"end":{"line":11,"column":23}},"4":{"start":{"line":31,"column":0},"end":{"line":31,"column":54}},"5":{"start":{"line":49,"column":0},"end":{"line":49,"column":57}},"6":{"start":{"line":72,"column":0},"end":{"line":72,"column":60}},"7":{"start":{"line":100,"column":0},"end":{"line":100,"column":59}},"8":{"start":{"line":119,"column":0},"end":{"line":119,"column":62}},"9":{"start":{"line":121,"column":0},"end":{"line":121,"column":22}}},"fnMap":{},"branchMap":{},"s":{"0":0,"1":0,"2":0,"3":0,"4":0,"5":0,"6":0,"7":0,"8":0,"9":0},"f":{},"b":{}}
,"/home/manzi/Project/ELEVATE-system/backend/src/routes/notifications.ts": {"path":"/home/manzi/Project/ELEVATE-system/backend/src/routes/notifications.ts","statementMap":{"0":{"start":{"line":1,"column":0},"end":{"line":1,"column":33}},"1":{"start":{"line":2,"column":0},"end":{"line":2,"column":50}},"2":{"start":{"line":3,"column":0},"end":{"line":3,"column":38}},"3":{"start":{"line":5,"column":15},"end":{"line":5,"column":23}},"4":{"start":{"line":7,"column":0},"end":{"line":7,"column":24}},"5":{"start":{"line":21,"column":0},"end":{"line":39,"column":3}},"6":{"start":{"line":22,"column":2},"end":{"line":38,"column":3}},"7":{"start":{"line":23,"column":20},"end":{"line":23,"column":39}},"8":{"start":{"line":25,"column":26},"end":{"line":29,"column":6}},"9":{"start":{"line":31,"column":4},"end":{"line":34,"column":7}},"10":{"start":{"line":36,"column":4},"end":{"line":36,"column":53}},"11":{"start":{"line":37,"column":4},"end":{"line":37,"column":69}},"12":{"start":{"line":59,"column":0},"end":{"line":80,"column":3}},"13":{"start":{"line":60,"column":2},"end":{"line":79,"column":3}},"14":{"start":{"line":61,"column":19},"end":{"line":61,"column":29}},"15":{"start":{"line":62,"column":20},"end":{"line":62,"column":39}},"16":{"start":{"line":64,"column":4},"end":{"line":70,"column":7}},"17":{"start":{"line":72,"column":4},"end":{"line":75,"column":7}},"18":{"start":{"line":77,"column":4},"end":{"line":77,"column":58}},"19":{"start":{"line":78,"column":4},"end":{"line":78,"column":69}},"20":{"start":{"line":82,"column":0},"end":{"line":82,"column":22}}},"fnMap":{"0":{"name":"(anonymous_0)","decl":{"start":{"line":21,"column":16},"end":{"line":21,"column":21}},"loc":{"start":{"line":21,"column":35},"end":{"line":39,"column":1}}},"1":{"name":"(anonymous_1)","decl":{"start":{"line":59,"column":24},"end":{"line":59,"column":29}},"loc":{"start":{"line":59,"column":43},"end":{"line":80,"column":1}}}},"branchMap":{},"s":{"0":0,"1":0,"2":0,"3":0,"4":0,"5":0,"6":0,"7":0,"8":0,"9":0,"10":0,"11":0,"12":0,"13":0,"14":0,"15":0,"16":0,"17":0,"18":0,"19":0,"20":0},"f":{"0":0,"1":0},"b":{}}
,"/home/manzi/Project/ELEVATE-system/backend/src/routes/profile.ts": {"path":"/home/manzi/Project/ELEVATE-system/backend/src/routes/profile.ts","statementMap":{"0":{"start":{"line":1,"column":0},"end":{"line":1,"column":33}},"1":{"start":{"line":2,"column":0},"end":{"line":2,"column":50}},"2":{"start":{"line":3,"column":0},"end":{"line":3,"column":51}},"3":{"start":{"line":4,"column":0},"end":{"line":4,"column":56}},"4":{"start":{"line":5,"column":0},"end":{"line":5,"column":87}},"5":{"start":{"line":13,"column":15},"end":{"line":13,"column":23}},"6":{"start":{"line":16,"column":0},"end":{"line":16,"column":24}},"7":{"start":{"line":36,"column":0},"end":{"line":36,"column":30}},"8":{"start":{"line":68,"column":0},"end":{"line":68,"column":64}},"9":{"start":{"line":96,"column":0},"end":{"line":96,"column":31}},"10":{"start":{"line":98,"column":0},"end":{"line":98,"column":22}}},"fnMap":{},"branchMap":{},"s":{"0":0,"1":0,"2":0,"3":0,"4":0,"5":0,"6":0,"7":0,"8":0,"9":0,"10":0},"f":{},"b":{}}
,"/home/manzi/Project/ELEVATE-system/backend/src/routes/projects.ts": {"path":"/home/manzi/Project/ELEVATE-system/backend/src/routes/projects.ts","statementMap":{"0":{"start":{"line":1,"column":0},"end":{"line":1,"column":33}},"1":{"start":{"line":2,"column":0},"end":{"line":2,"column":50}},"2":{"start":{"line":3,"column":0},"end":{"line":3,"column":72}},"3":{"start":{"line":11,"column":15},"end":{"line":11,"column":23}},"4":{"start":{"line":29,"column":0},"end":{"line":29,"column":54}},"5":{"start":{"line":59,"column":0},"end":{"line":59,"column":57}},"6":{"start":{"line":80,"column":0},"end":{"line":80,"column":60}},"7":{"start":{"line":112,"column":0},"end":{"line":112,"column":59}},"8":{"start":{"line":133,"column":0},"end":{"line":133,"column":62}},"9":{"start":{"line":135,"column":0},"end":{"line":135,"column":22}}},"fnMap":{},"branchMap":{},"s":{"0":0,"1":0,"2":0,"3":0,"4":0,"5":0,"6":0,"7":0,"8":0,"9":0},"f":{},"b":{}}
,"/home/manzi/Project/ELEVATE-system/backend/src/routes/reflections.ts": {"path":"/home/manzi/Project/ELEVATE-system/backend/src/routes/reflections.ts","statementMap":{"0":{"start":{"line":1,"column":0},"end":{"line":1,"column":33}},"1":{"start":{"line":2,"column":0},"end":{"line":2,"column":50}},"2":{"start":{"line":3,"column":0},"end":{"line":3,"column":78}},"3":{"start":{"line":11,"column":15},"end":{"line":11,"column":23}},"4":{"start":{"line":25,"column":0},"end":{"line":25,"column":57}},"5":{"start":{"line":55,"column":0},"end":{"line":55,"column":60}},"6":{"start":{"line":76,"column":0},"end":{"line":76,"column":63}},"7":{"start":{"line":107,"column":0},"end":{"line":107,"column":62}},"8":{"start":{"line":128,"column":0},"end":{"line":128,"column":65}},"9":{"start":{"line":130,"column":0},"end":{"line":130,"column":22}}},"fnMap":{},"branchMap":{},"s":{"0":0,"1":0,"2":0,"3":0,"4":0,"5":0,"6":0,"7":0,"8":0,"9":0},"f":{},"b":{}}
,"/home/manzi/Project/ELEVATE-system/backend/src/routes/search.ts": {"path":"/home/manzi/Project/ELEVATE-system/backend/src/routes/search.ts","statementMap":{"0":{"start":{"line":1,"column":0},"end":{"line":1,"column":33}},"1":{"start":{"line":2,"column":0},"end":{"line":2,"column":50}},"2":{"start":{"line":3,"column":0},"end":{"line":3,"column":54}},"3":{"start":{"line":5,"column":15},"end":{"line":5,"column":23}},"4":{"start":{"line":7,"column":0},"end":{"line":7,"column":24}},"5":{"start":{"line":32,"column":0},"end":{"line":51,"column":3}},"6":{"start":{"line":33,"column":2},"end":{"line":50,"column":3}},"7":{"start":{"line":34,"column":18},"end":{"line":34,"column":27}},"8":{"start":{"line":36,"column":4},"end":{"line":38,"column":5}},"9":{"start":{"line":37,"column":6},"end":{"line":37,"column":73}},"10":{"start":{"line":40,"column":20},"end":{"line":40,"column":39}},"11":{"start":{"line":41,"column":20},"end":{"line":41,"column":46}},"12":{"start":{"line":43,"column":4},"end":{"line":46,"column":7}},"13":{"start":{"line":48,"column":4},"end":{"line":48,"column":42}},"14":{"start":{"line":49,"column":4},"end":{"line":49,"column":53}},"15":{"start":{"line":53,"column":0},"end":{"line":53,"column":22}}},"fnMap":{"0":{"name":"(anonymous_0)","decl":{"start":{"line":32,"column":16},"end":{"line":32,"column":21}},"loc":{"start":{"line":32,"column":35},"end":{"line":51,"column":1}}}},"branchMap":{"0":{"loc":{"start":{"line":36,"column":4},"end":{"line":38,"column":5}},"type":"if","locations":[{"start":{"line":36,"column":4},"end":{"line":38,"column":5}},{"start":{},"end":{}}]},"1":{"loc":{"start":{"line":36,"column":8},"end":{"line":36,"column":35}},"type":"binary-expr","locations":[{"start":{"line":36,"column":8},"end":{"line":36,"column":10}},{"start":{"line":36,"column":14},"end":{"line":36,"column":35}}]}},"s":{"0":0,"1":0,"2":0,"3":0,"4":0,"5":0,"6":0,"7":0,"8":0,"9":0,"10":0,"11":0,"12":0,"13":0,"14":0,"15":0},"f":{"0":0},"b":{"0":[0,0],"1":[0,0]}}
,"/home/manzi/Project/ELEVATE-system/backend/src/routes/stats.ts": {"path":"/home/manzi/Project/ELEVATE-system/backend/src/routes/stats.ts","statementMap":{"0":{"start":{"line":1,"column":0},"end":{"line":1,"column":33}},"1":{"start":{"line":2,"column":0},"end":{"line":2,"column":38}},"2":{"start":{"line":10,"column":15},"end":{"line":10,"column":23}},"3":{"start":{"line":35,"column":0},"end":{"line":62,"column":3}},"4":{"start":{"line":36,"column":2},"end":{"line":61,"column":3}},"5":{"start":{"line":37,"column":74},"end":{"line":42,"column":6}},"6":{"start":{"line":44,"column":24},"end":{"line":44,"column":101}},"7":{"start":{"line":46,"column":4},"end":{"line":54,"column":7}},"8":{"start":{"line":56,"column":4},"end":{"line":56,"column":45}},"9":{"start":{"line":57,"column":4},"end":{"line":60,"column":7}},"10":{"start":{"line":64,"column":0},"end":{"line":64,"column":22}}},"fnMap":{"0":{"name":"(anonymous_0)","decl":{"start":{"line":35,"column":16},"end":{"line":35,"column":21}},"loc":{"start":{"line":35,"column":36},"end":{"line":62,"column":1}}}},"branchMap":{"0":{"loc":{"start":{"line":44,"column":24},"end":{"line":44,"column":101}},"type":"cond-expr","locations":[{"start":{"line":44,"column":44},"end":{"line":44,"column":97}},{"start":{"line":44,"column":100},"end":{"line":44,"column":101}}]}},"s":{"0":0,"1":0,"2":0,"3":0,"4":0,"5":0,"6":0,"7":0,"8":0,"9":0,"10":0},"f":{"0":0},"b":{"0":[0,0]}}
,"/home/manzi/Project/ELEVATE-system/backend/src/routes/upload.ts": {"path":"/home/manzi/Project/ELEVATE-system/backend/src/routes/upload.ts","statementMap":{"0":{"start":{"line":1,"column":0},"end":{"line":1,"column":33}},"1":{"start":{"line":2,"column":0},"end":{"line":2,"column":50}},"2":{"start":{"line":3,"column":0},"end":{"line":3,"column":83}},"3":{"start":{"line":11,"column":15},"end":{"line":11,"column":23}},"4":{"start":{"line":13,"column":0},"end":{"line":13,"column":24}},"5":{"start":{"line":37,"column":0},"end":{"line":62,"column":3}},"6":{"start":{"line":38,"column":2},"end":{"line":61,"column":3}},"7":{"start":{"line":39,"column":4},"end":{"line":41,"column":5}},"8":{"start":{"line":40,"column":6},"end":{"line":40,"column":65}},"9":{"start":{"line":43,"column":19},"end":{"line":48,"column":null}},"10":{"start":{"line":51,"column":4},"end":{"line":57,"column":7}},"11":{"start":{"line":59,"column":4},"end":{"line":59,"column":50}},"12":{"start":{"line":60,"column":4},"end":{"line":60,"column":53}},"13":{"start":{"line":86,"column":0},"end":{"line":108,"column":3}},"14":{"start":{"line":87,"column":2},"end":{"line":107,"column":3}},"15":{"start":{"line":88,"column":4},"end":{"line":90,"column":5}},"16":{"start":{"line":89,"column":6},"end":{"line":89,"column":65}},"17":{"start":{"line":92,"column":19},"end":{"line":94,"column":null}},"18":{"start":{"line":97,"column":4},"end":{"line":103,"column":7}},"19":{"start":{"line":105,"column":4},"end":{"line":105,"column":50}},"20":{"start":{"line":106,"column":4},"end":{"line":106,"column":53}},"21":{"start":{"line":110,"column":0},"end":{"line":110,"column":22}}},"fnMap":{"0":{"name":"(anonymous_0)","decl":{"start":{"line":37,"column":54},"end":{"line":37,"column":59}},"loc":{"start":{"line":37,"column":73},"end":{"line":62,"column":1}}},"1":{"name":"(anonymous_1)","decl":{"start":{"line":86,"column":54},"end":{"line":86,"column":59}},"loc":{"start":{"line":86,"column":73},"end":{"line":108,"column":1}}}},"branchMap":{"0":{"loc":{"start":{"line":39,"column":4},"end":{"line":41,"column":5}},"type":"if","locations":[{"start":{"line":39,"column":4},"end":{"line":41,"column":5}},{"start":{},"end":{}}]},"1":{"loc":{"start":{"line":88,"column":4},"end":{"line":90,"column":5}},"type":"if","locations":[{"start":{"line":88,"column":4},"end":{"line":90,"column":5}},{"start":{},"end":{}}]}},"s":{"0":0,"1":0,"2":0,"3":0,"4":0,"5":0,"6":0,"7":0,"8":0,"9":0,"10":0,"11":0,"12":0,"13":0,"14":0,"15":0,"16":0,"17":0,"18":0,"19":0,"20":0,"21":0},"f":{"0":0,"1":0},"b":{"0":[0,0],"1":[0,0]}}
,"/home/manzi/Project/ELEVATE-system/backend/src/services/collaborationsService.ts": {"path":"/home/manzi/Project/ELEVATE-system/backend/src/services/collaborationsService.ts","statementMap":{"0":{"start":{"line":1,"column":0},"end":{"line":1,"column":38}},"1":{"start":{"line":3,"column":27},"end":{"line":7,"column":1}},"2":{"start":{"line":4,"column":2},"end":{"line":6,"column":5}},"3":{"start":{"line":3,"column":13},"end":{"line":3,"column":27}},"4":{"start":{"line":9,"column":25},"end":{"line":13,"column":1}},"5":{"start":{"line":10,"column":2},"end":{"line":12,"column":5}},"6":{"start":{"line":9,"column":13},"end":{"line":9,"column":25}},"7":{"start":{"line":15,"column":28},"end":{"line":27,"column":1}},"8":{"start":{"line":20,"column":2},"end":{"line":26,"column":5}},"9":{"start":{"line":15,"column":13},"end":{"line":15,"column":28}},"10":{"start":{"line":29,"column":28},"end":{"line":38,"column":1}},"11":{"start":{"line":30,"column":2},"end":{"line":37,"column":5}},"12":{"start":{"line":29,"column":13},"end":{"line":29,"column":28}},"13":{"start":{"line":40,"column":28},"end":{"line":46,"column":1}},"14":{"start":{"line":41,"column":17},"end":{"line":41,"column":66}},"15":{"start":{"line":42,"column":2},"end":{"line":42,"column":28}},"16":{"start":{"line":42,"column":15},"end":{"line":42,"column":28}},"17":{"start":{"line":44,"column":2},"end":{"line":44,"column":48}},"18":{"start":{"line":45,"column":2},"end":{"line":45,"column":14}},"19":{"start":{"line":40,"column":13},"end":{"line":40,"column":28}}},"fnMap":{"0":{"name":"(anonymous_0)","decl":{"start":{"line":3,"column":27},"end":{"line":3,"column":32}},"loc":{"start":{"line":3,"column":38},"end":{"line":7,"column":1}}},"1":{"name":"(anonymous_1)","decl":{"start":{"line":9,"column":25},"end":{"line":9,"column":30}},"loc":{"start":{"line":9,"column":46},"end":{"line":13,"column":1}}},"2":{"name":"(anonymous_2)","decl":{"start":{"line":15,"column":28},"end":{"line":15,"column":33}},"loc":{"start":{"line":19,"column":5},"end":{"line":27,"column":1}}},"3":{"name":"(anonymous_3)","decl":{"start":{"line":29,"column":28},"end":{"line":29,"column":33}},"loc":{"start":{"line":29,"column":60},"end":{"line":38,"column":1}}},"4":{"name":"(anonymous_4)","decl":{"start":{"line":40,"column":28},"end":{"line":40,"column":33}},"loc":{"start":{"line":40,"column":49},"end":{"line":46,"column":1}}}},"branchMap":{"0":{"loc":{"start":{"line":24,"column":16},"end":{"line":24,"column":51}},"type":"binary-expr","locations":[{"start":{"line":24,"column":16},"end":{"line":24,"column":36}},{"start":{"line":24,"column":40},"end":{"line":24,"column":51}}]},"1":{"loc":{"start":{"line":42,"column":2},"end":{"line":42,"column":28}},"type":"if","locations":[{"start":{"line":42,"column":2},"end":{"line":42,"column":28}},{"start":{},"end":{}}]}},"s":{"0":0,"1":0,"2":0,"3":0,"4":0,"5":0,"6":0,"7":0,"8":0,"9":0,"10":0,"11":0,"12":0,"13":0,"14":0,"15":0,"16":0,"17":0,"18":0,"19":0},"f":{"0":0,"1":0,"2":0,"3":0,"4":0},"b":{"0":[0,0],"1":[0,0]}}
,"/home/manzi/Project/ELEVATE-system/backend/src/services/exportService.ts": {"path":"/home/manzi/Project/ELEVATE-system/backend/src/services/exportService.ts","statementMap":{"0":{"start":{"line":1,"column":0},"end":{"line":1,"column":34}},"1":{"start":{"line":2,"column":0},"end":{"line":2,"column":46}},"2":{"start":{"line":3,"column":0},"end":{"line":3,"column":38}},"3":{"start":{"line":5,"column":35},"end":{"line":87,"column":1}},"4":{"start":{"line":6,"column":2},"end":{"line":86,"column":3}},"5":{"start":{"line":7,"column":52},"end":{"line":12,"column":6}},"6":{"start":{"line":14,"column":15},"end":{"line":62,"column":4}},"7":{"start":{"line":33,"column":32},"end":{"line":38,"column":12}},"8":{"start":{"line":43,"column":32},"end":{"line":48,"column":12}},"9":{"start":{"line":53,"column":35},"end":{"line":58,"column":12}},"10":{"start":{"line":64,"column":18},"end":{"line":76,"column":4}},"11":{"start":{"line":77,"column":15},"end":{"line":77,"column":38}},"12":{"start":{"line":78,"column":2},"end":{"line":78,"column":30}},"13":{"start":{"line":79,"column":14},"end":{"line":79,"column":69}},"14":{"start":{"line":80,"column":2},"end":{"line":80,"column":24}},"15":{"start":{"line":82,"column":4},"end":{"line":82,"column":15}},"16":{"start":{"line":84,"column":4},"end":{"line":84,"column":51}},"17":{"start":{"line":85,"column":4},"end":{"line":85,"column":72}},"18":{"start":{"line":5,"column":13},"end":{"line":5,"column":35}},"19":{"start":{"line":89,"column":35},"end":{"line":111,"column":1}},"20":{"start":{"line":90,"column":19},"end":{"line":90,"column":71}},"21":{"start":{"line":92,"column":21},"end":{"line":100,"column":4}},"22":{"start":{"line":102,"column":18},"end":{"line":108,"column":5}},"23":{"start":{"line":102,"column":39},"end":{"line":108,"column":4}},"24":{"start":{"line":110,"column":2},"end":{"line":110,"column":75}},"25":{"start":{"line":89,"column":13},"end":{"line":89,"column":35}}},"fnMap":{"0":{"name":"(anonymous_10)","decl":{"start":{"line":5,"column":35},"end":{"line":5,"column":40}},"loc":{"start":{"line":5,"column":60},"end":{"line":87,"column":1}}},"1":{"name":"(anonymous_11)","decl":{"start":{"line":33,"column":25},"end":{"line":33,"column":26}},"loc":{"start":{"line":33,"column":32},"end":{"line":38,"column":12}}},"2":{"name":"(anonymous_12)","decl":{"start":{"line":43,"column":25},"end":{"line":43,"column":26}},"loc":{"start":{"line":43,"column":32},"end":{"line":48,"column":12}}},"3":{"name":"(a
[...]
,"/home/manzi/Project/ELEVATE-system/backend/src/services/userService.ts": {"path":"/home/manzi/Project/ELEVATE-system/backend/src/services/userService.ts","statementMap":{"0":{"start":{"line":1,"column":0},"end":{"line":1,"column":38}},"1":{"start":{"line":4,"column":26},"end":{"line":22,"column":1}},"2":{"start":{"line":10,"column":15},"end":{"line":12,"column":4}},"3":{"start":{"line":14,"column":2},"end":{"line":21,"column":4}},"4":{"start":{"line":4,"column":13},"end":{"line":4,"column":26}},"5":{"start":{"line":24,"column":30},"end":{"line":40,"column":1}},"6":{"start":{"line":25,"column":15},"end":{"line":27,"column":4}},"7":{"start":{"line":29,"column":2},"end":{"line":29,"column":25}},"8":{"start":{"line":29,"column":13},"end":{"line":29,"column":25}},"9":{"start":{"line":31,"column":2},"end":{"line":39,"column":4}},"10":{"start":{"line":24,"column":13},"end":{"line":24,"column":30}},"11":{"start":{"line":42,"column":27},"end":{"line":57,"column":1}},"12":{"start":{"line":43,"column":15},"end":{"line":45,"column":4}},"13":{"start":{"line":47,"column":2},"end":{"line":47,"column":25}},"14":{"start":{"line":47,"column":13},"end":{"line":47,"column":25}},"15":{"start":{"line":49,"column":2},"end":{"line":56,"column":4}},"16":{"start":{"line":42,"column":13},"end":{"line":42,"column":27}},"17":{"start":{"line":59,"column":26},"end":{"line":76,"column":1}},"18":{"start":{"line":60,"column":15},"end":{"line":66,"column":4}},"19":{"start":{"line":68,"column":2},"end":{"line":75,"column":4}},"20":{"start":{"line":59,"column":13},"end":{"line":59,"column":26}},"21":{"start":{"line":78,"column":34},"end":{"line":83,"column":1}},"22":{"start":{"line":79,"column":2},"end":{"line":82,"column":5}},"23":{"start":{"line":78,"column":13},"end":{"line":78,"column":34}}},"fnMap":{"0":{"name":"(anonymous_0)","decl":{"start":{"line":4,"column":26},"end":{"line":4,"column":31}},"loc":{"start":{"line":9,"column":20},"end":{"line":22,"column":1}}},"1":{"name":"(anonymous_1)","decl":{"start":{"line":24,"column":30},"end":{"line":24,"column":35}},"loc":{"start":{"line":24,"column":102},"end":{"line":40,"column":1}}},"2":{"name":"(anonymous_2)","decl":{"start":{"line":42,"column":27},"end":{"line":42,"column":32}},"loc":{"start":{"line":42,"column":70},"end":{"line":57,"column":1}}},"3":{"name":"(anonymous_3)","decl":{"start":{"line":59,"column":26},"end":{"line":59,"column":31}},"loc":{"start":{"line":59,"column":90},"end":{"line":76,"column":1}}},"4":{"name":"(anonymous_4)","decl":{"start":{"line":78,"column":34},"end":{"line":78,"column":39}},"loc":{"start":{"line":78,"column":88},"end":{"line":83,"column":1}}}},"branchMap":{"0":{"loc":{"start":{"line":29,"column":2},"end":{"line":29,"column":25}},"type":"if","locations":[{"start":{"line":29,"column":2},"end":{"line":29,"column":25}},{"start":{},"end":{}}]},"1":{"loc":{"start":{"line":36,"column":15},"end":{"line":36,"column":49}},"type":"binary-expr","locations":[{"start":{"line":36,"column":15},"end":{"line":36,"column":36}},{"start":{"line":36,"column":40},"end":{"line":36,"column":49}}]},"2":{"loc":{"start":{"line":47,"column":2},"end":{"line":47,"column":25}},"type":"if","locations":[{"start":{"line":47,"column":2},"end":{"line":47,"column":25}},{"start":{},"end":{}}]}},"s":{"0":3,"1":3,"2":2,"3":2,"4":3,"5":3,"6":6,"7":6,"8":2,"9":4,"10":3,"11":3,"12":2,"13":2,"14":1,"15":1,"16":3,"17":3,"18":1,"19":1,"20":3,"21":3,"22":0,"23":3},"f":{"0":2,"1":6,"2":2,"3":1,"4":0},"b":{"0":[2,4],"1":[4,0],"2":[1,1]}}
,"/home/manzi/Project/ELEVATE-system/backend/src/utils/email.ts": {"path":"/home/manzi/Project/ELEVATE-system/backend/src/utils/email.ts","statementMap":{"0":{"start":{"line":1,"column":0},"end":{"line":1,"column":32}},"1":{"start":{"line":3,"column":15},"end":{"line":3,"column":53}},"2":{"start":{"line":5,"column":28},"end":{"line":46,"column":1}},"3":{"start":{"line":7,"column":2},"end":{"line":10,"column":3}},"4":{"start":{"line":8,"column":4},"end":{"line":8,"column":55}},"5":{"start":{"line":9,"column":4},"end":{"line":9,"column":16}},"6":{"start":{"line":12,"column":2},"end":{"line":45,"column":3}},"7":{"start":{"line":13,"column":28},"end":{"line":33,"column":6}},"8":{"start":{"line":35,"column":4},"end":{"line":38,"column":5}},"9":{"start":{"line":36,"column":6},"end":{"line":36,"column":44}},"10":{"start":{"line":37,"column":6},"end":{"line":37,"column":19}},"11":{"start":{"line":40,"column":4},"end":{"line":40,"column":50}},"12":{"start":{"line":41,"column":4},"end":{"line":41,"column":16}},"13":{"start":{"line":43,"column":4},"end":{"line":43,"column":50}},"14":{"start":{"line":44,"column":4},"end":{"line":44,"column":17}},"15":{"start":{"line":5,"column":13},"end":{"line":5,"column":28}}},"fnMap":{"0":{"name":"(anonymous_0)","decl":{"start":{"line":5,"column":28},"end":{"line":5,"column":33}},"loc":{"start":{"line":5,"column":79},"end":{"line":46,"column":1}}}},"branchMap":{"0":{"loc":{"start":{"line":7,"column":2},"end":{"line":10,"column":3}},"type":"if","locations":[{"start":{"line":7,"column":2},"end":{"line":10,"column":3}},{"start":{},"end":{}}]},"1":{"loc":{"start":{"line":7,"column":6},"end":{"line":7,"column":74}},"type":"binary-expr","locations":[{"start":{"line":7,"column":6},"end":{"line":7,"column":43}},{"start":{"line":7,"column":47},"end":{"line":7,"column":74}}]},"2":{"loc":{"start":{"line":35,"column":4},"end":{"line":38,"column":5}},"type":"if","locations":[{"start":{"line":35,"column":4},"end":{"line":38,"column":5}},{"start":{},"end":{}}]}},"s":{"0":0,"1":0,"2":0,"3":0,"4":0,"5":0,"6":0,"7":0,"8":0,"9":0,"10":0,"11":0,"12":0,"13":0,"14":0,"15":0},"f":{"0":0},"b":{"0":[0,0],"1":[0,0],"2":[0,0]}}
,"/home/manzi/Project/ELEVATE-system/backend/src/utils/id.ts": {"path":"/home/manzi/Project/ELEVATE-system/backend/src/utils/id.ts","statementMap":{"0":{"start":{"line":1,"column":24},"end":{"line":1,"column":68}},"1":{"start":{"line":1,"column":44},"end":{"line":1,"column":68}},"2":{"start":{"line":1,"column":13},"end":{"line":1,"column":24}}},"fnMap":{"0":{"name":"(anonymous_0)","decl":{"start":{"line":1,"column":24},"end":{"line":1,"column":25}},"loc":{"start":{"line":1,"column":44},"end":{"line":1,"column":68}}}},"branchMap":{},"s":{"0":0,"1":0,"2":0},"f":{"0":0},"b":{}}
,"/home/manzi/Project/ELEVATE-system/backend/src/utils/jwt.ts": {"path":"/home/manzi/Project/ELEVATE-system/backend/src/utils/jwt.ts","statementMap":{"0":{"start":{"line":5,"column":0},"end":{"line":5,"column":16}},"1":{"start":{"line":13,"column":0},"end":{"line":13,"column":16}},"2":{"start":{"line":1,"column":0},"end":{"line":1,"column":31}},"3":{"start":{"line":3,"column":19},"end":{"line":3,"column":65}},"4":{"start":{"line":6,"column":2},"end":{"line":10,"column":4}},"5":{"start":{"line":14,"column":2},"end":{"line":19,"column":3}},"6":{"start":{"line":15,"column":20},"end":{"line":15,"column":56}},"7":{"start":{"line":16,"column":4},"end":{"line":16,"column":58}},"8":{"start":{"line":18,"column":4},"end":{"line":18,"column":16}}},"fnMap":{"0":{"name":"generateToken","decl":{"start":{"line":5,"column":16},"end":{"line":5,"column":29}},"loc":{"start":{"line":5,"column":58},"end":{"line":11,"column":1}}},"1":{"name":"verifyToken","decl":{"start":{"line":13,"column":16},"end":{"line":13,"column":27}},"loc":{"start":{"line":13,"column":41},"end":{"line":20,"column":1}}}},"branchMap":{"0":{"loc":{"start":{"line":3,"column":19},"end":{"line":3,"column":65}},"type":"binary-expr","locations":[{"start":{"line":3,"column":19},"end":{"line":3,"column":41}},{"start":{"line":3,"column":45},"end":{"line":3,"column":65}}]}},"s":{"0":3,"1":3,"2":3,"3":3,"4":3,"5":3,"6":3,"7":1,"8":2},"f":{"0":3,"1":3},"b":{"0":[3,0]}}
,"/home/manzi/Project/ELEVATE-system/backend/src/utils/otp.ts": {"path":"/home/manzi/Project/ELEVATE-system/backend/src/utils/otp.ts","statementMap":{"0":{"start":{"line":1,"column":0},"end":{"line":1,"column":16}},"1":{"start":{"line":9,"column":0},"end":{"line":9,"column":16}},"2":{"start":{"line":3,"column":2},"end":{"line":5,"column":3}},"3":{"start":{"line":4,"column":4},"end":{"line":4,"column":20}},"4":{"start":{"line":6,"column":2},"end":{"line":6,"column":64}},"5":{"start":{"line":10,"column":2},"end":{"line":10,"column":29}}},"fnMap":{"0":{"name":"generateOTP","decl":{"start":{"line":1,"column":16},"end":{"line":1,"column":27}},"loc":{"start":{"line":1,"column":27},"end":{"line":7,"column":1}}},"1":{"name":"verifyOTP","decl":{"start":{"line":9,"column":16},"end":{"line":9,"column":25}},"loc":{"start":{"line":9,"column":58},"end":{"line":11,"column":1}}}},"branchMap":{"0":{"loc":{"start":{"line":3,"column":2},"end":{"line":5,"column":3}},"type":"if","locations":[{"start":{"line":3,"column":2},"end":{"line":5,"column":3}},{"start":{},"end":{}}]}},"s":{"0":2,"1":2,"2":2,"3":2,"4":0,"5":3},"f":{"0":2,"1":3},"b":{"0":[2,0]}}
,"/home/manzi/Project/ELEVATE-system/backend/src/utils/roleUtils.ts": {"path":"/home/manzi/Project/ELEVATE-system/backend/src/utils/roleUtils.ts","statementMap":{"0":{"start":{"line":1,"column":0},"end":{"line":1,"column":16}},"1":{"start":{"line":5,"column":0},"end":{"line":5,"column":16}},"2":{"start":{"line":9,"column":0},"end":{"line":9,"column":16}},"3":{"start":{"line":2,"column":2},"end":{"line":2,"column":82}},"4":{"start":{"line":6,"column":2},"end":{"line":6,"column":32}},"5":{"start":{"line":11,"column":2},"end":{"line":24,"column":3}},"6":{"start":{"line":12,"column":4},"end":{"line":12,"column":21}},"7":{"start":{"line":15,"column":7},"end":{"line":24,"column":3}},"8":{"start":{"line":17,"column":24},"end":{"line":22,"column":6}},"9":{"start":{"line":23,"column":4},"end":{"line":23,"column":74}},"10":{"start":{"line":26,"column":2},"end":{"line":26,"column":81}}},"fnMap":{"0":{"name":"isValidALUEmail","decl":{"start":{"line":1,"column":16},"end":{"line":1,"column":31}},"loc":{"start":{"line":1,"column":45},"end":{"line":3,"column":1}}},"1":{"name":"isValidEmail","decl":{"start":{"line":5,"column":16},"end":{"line":5,"column":28}},"loc":{"start":{"line":5,"column":42},"end":{"line":7,"column":1}}},"2":{"name":"getUserRoleFromEmail","decl":{"start":{"line":9,"column":16},"end":{"line":9,"column":36}},"loc":{"start":{"line":9,"column":50},"end":{"line":27,"column":1}}}},"branchMap":{"0":{"loc":{"start":{"line":2,"column":9},"end":{"line":2,"column":81}},"type":"binary-expr","locations":[{"start":{"line":2,"column":9},"end":{"line":2,"column":42}},{"start":{"line":2,"column":46},"end":{"line":2,"column":81}}]},"1":{"loc":{"start":{"line":11,"column":2},"end":{"line":24,"column":3}},"type":"if","locations":[{"start":{"line":11,"column":2},"end":{"line":24,"column":3}},{"start":{"line":15,"column":7},"end":{"line":24,"column":3}}]},"2":{"loc":{"start":{"line":15,"column":7},"end":{"line":24,"column":3}},"type":"if","locations":[{"start":{"line":15,"column":7},"end":{"line":24,"column":3}},{"start":{},"end":{}}]},"3":{"loc":{"start":{"line":23,"column":11},"end":{"line":23,"column":73}},"type":"cond-expr","locations":[{"start":{"line":23,"column":55},"end":{"line":23,"column":62}},{"start":{"line":23,"column":65},"end":{"line":23,"column":73}}]}},"s":{"0":2,"1":2,"2":2,"3":4,"4":0,"5":5,"6":2,"7":3,"8":2,"9":2,"10":1},"f":{"0":4,"1":0,"2":5},"b":{"0":[4,3],"1":[2,3],"2":[2,1],"3":[1,1]}}
,"/home/manzi/Project/ELEVATE-system/backend/src/utils/upload.ts": {"path":"/home/manzi/Project/ELEVATE-system/backend/src/utils/upload.ts","statementMap":{"0":{"start":{"line":1,"column":0},"end":{"line":1,"column":28}},"1":{"start":{"line":2,"column":0},"end":{"line":2,"column":15}},"2":{"start":{"line":60,"column":9},"end":{"line":2,"column":46}},"3":{"start":{"line":5,"column":0},"end":{"line":9,"column":3}},"4":{"start":{"line":12,"column":16},"end":{"line":12,"column":38}},"5":{"start":{"line":14,"column":13},"end":{"line":25,"column":3}},"6":{"start":{"line":18,"column":25},"end":{"line":18,"column":79}},"7":{"start":{"line":19,"column":4},"end":{"line":23,"column":5}},"8":{"start":{"line":20,"column":6},"end":{"line":20,"column":21}},"9":{"start":{"line":22,"column":6},"end":{"line":22,"column":80}},"10":{"start":{"line":27,"column":13},"end":{"line":42,"column":3}},"11":{"start":{"line":31,"column":25},"end":{"line":35,"column":6}},"12":{"start":{"line":36,"column":4},"end":{"line":40,"column":5}},"13":{"start":{"line":37,"column":6},"end":{"line":37,"column":21}},"14":{"start":{"line":39,"column":6},"end":{"line":39,"column":42}},"15":{"start":{"line":45,"column":34},"end":{"line":58,"column":1}},"16":{"start":{"line":46,"column":2},"end":{"line":57,"column":5}},"17":{"start":{"line":47,"column":4},"end":{"line":56,"column":18}},"18":{"start":{"line":53,"column":8},"end":{"line":54,"column":29}},"19":{"start":{"line":53,"column":19},"end":{"line":53,"column":33}},"20":{"start":{"line":54,"column":13},"end":{"line":54,"column":29}},"21":{"start":{"line":45,"column":13},"end":{"line":45,"column":34}}},"fnMap":{"0":{"name":"(anonymous_1)","decl":{"start":{"line":60,"column":9},"end":{"line":60,"column":19}},"loc":{"start":{"line":60,"column":9},"end":{"line":2,"column":46}}},"1":{"name":"(anonymous_2)","decl":{"start":{"line":17,"column":14},"end":{"line":17,"column":15}},"loc":{"start":{"line":17,"column":32},"end":{"line":24,"column":3}}},"2":{"name":"(anonymous_3)","decl":{"start":{"line":30,"column":14},"end":{"line":30,"column":15}},"loc":{"start":{"line":30,"column":32},"end":{"line":41,"column":3}}},"3":{"name":"(anonymous_4)","decl":{"start":{"line":45,"column":34},"end":{"line":45,"column":39}},"loc":{"start":{"line":45,"column":94},"end":{"line":58,"column":1}}},"4":{"name":"(anonymous_5)","decl":{"start":{"line":46,"column":21},"end":{"line":46,"column":22}},"loc":{"start":{"line":46,"column":41},"end":{"line":57,"column":3}}},"5":{"name":"(anonymous_6)","decl":{"start":{"line":52,"column":6},"end":{"line":52,"column":7}},"loc":{"start":{"line":52,"column":24},"end":{"line":55,"column":7}}}},"branchMap":{"0":{"loc":{"start":{"line":19,"column":4},"end":{"line":23,"column":5}},"type":"if","locations":[{"start":{"line":19,"column":4},"end":{"line":23,"column":5}},{"start":{"line":21,"column":11},"end":{"line":23,"column":5}}]},"1":{"loc":{"start":{"line":36,"column":4},"end":{"line":40,"column":5}},"type":"if","locations":[{"start":{"line":36,"column":4},"end":{"line":40,"column":5}},{"start":{"line":38,"column":11},"end":{"line":40,"column":5}}]},"2":{"loc":{"start":{"line":45,"column":73},"end":{"line":45,"column":90}},"type":"default-arg","locations":[{"start":{"line":45,"column":88},"end":{"line":45,"column":90}}]},"3":{"loc":{"start":{"line":53,"column":8},"end":{"line":54,"column":29}},"type":"if","locations":[{"start":{"line":53,"column":8},"end":{"line":54,"column":29}},{"start":{"line":54,"column":13},"end":{"line":54,"column":29}}]}},"s":{"0":0,"1":0,"2":0,"3":0,"4":0,"5":0,"6":0,"7":0,"8":0,"9":0,"10":0,"11":0,"12":0,"13":0,"14":0,"15":0,"16":0,"17":0,"18":0,"19":0,"20":0,"21":0},"f":{"0":0,"1":0,"2":0,"3":0,"4":0,"5":0},"b":{"0":[0,0],"1":[0,0],"2":[0],"3":[0,0]}}
,"/home/manzi/Project/ELEVATE-system/backend/src/utils/websocket.ts": {"path":"/home/manzi/Project/ELEVATE-system/backend/src/utils/websocket.ts","statementMap":{"0":{"start":{"line":1,"column":0},"end":{"line":1,"column":35}},"1":{"start":{"line":3,"column":0},"end":{"line":3,"column":36}},"2":{"start":{"line":5,"column":35},"end":{"line":45,"column":1}},"3":{"start":{"line":6,"column":13},"end":{"line":11,"column":4}},"4":{"start":{"line":14,"column":2},"end":{"line":28,"column":5}},"5":{"start":{"line":15,"column":4},"end":{"line":27,"column":5}},"6":{"start":{"line":16,"column":20},"end":{"line":16,"column":47}},"7":{"start":{"line":17,"column":22},"end":{"line":17,"column":40}},"8":{"start":{"line":18,"column":6},"end":{"line":23,"column":7}},"9":{"start":{"line":19,"column":8},"end":{"line":19,"column":44}},"10":{"start":{"line":20,"column":8},"end":{"line":20,"column":40}},"11":{"start":{"line":22,"column":8},"end":{"line":22,"column":41}},"12":{"start":{"line":24,"column":6},"end":{"line":24,"column":13}},"13":{"start":{"line":26,"column":6},"end":{"line":26,"column":46}},"14":{"start":{"line":30,"column":2},"end":{"line":42,"column":5}},"15":{"start":{"line":31,"column":4},"end":{"line":31,"column":56}},"16":{"start":{"line":34,"column":4},"end":{"line":34,"column":46}},"17":{"start":{"line":37,"column":4},"end":{"line":37,"column":44}},"18":{"start":{"line":39,"column":4},"end":{"line":41,"column":7}},"19":{"start":{"line":40,"column":6},"end":{"line":40,"column":61}},"20":{"start":{"line":44,"column":2},"end":{"line":44,"column":12}},"21":{"start":{"line":5,"column":13},"end":{"line":5,"column":35}},"22":{"start":{"line":48,"column":32},"end":{"line":58,"column":1}},"23":{"start":{"line":54,"column":2},"end":{"line":57,"column":5}},"24":{"start":{"line":48,"column":13},"end":{"line":48,"column":32}}},"fnMap":{"0":{"name":"(anonymous_0)","decl":{"start":{"line":5,"column":35},"end":{"line":5,"column":36}},"loc":{"start":{"line":5,"column":58},"end":{"line":45,"column":1}}},"1":{"name":"(anonymous_1)","decl":{"start":{"line":14,"column":9},"end":{"line":14,"column":14}},"loc":{"start":{"line":14,"column":32},"end":{"line":28,"column":3}}},"2":{"name":"(anonymous_2)","decl":{"start":{"line":30,"column":22},"end":{"line":30,"column":23}},"loc":{"start":{"line":30,"column":33},"end":{"line":42,"column":3}}},"3":{"name":"(anonymous_3)","decl":{"start":{"line":39,"column":28},"end":{"line":39,"column":31}},"loc":{"start":{"line":39,"column":33},"end":{"line":41,"column":5}}},"4":{"name":"(anonymous_4)","decl":{"start":{"line":48,"column":32},"end":{"line":48,"column":33}},"loc":{"start":{"line":53,"column":5},"end":{"line":58,"column":1}}}},"branchMap":{"0":{"loc":{"start":{"line":8,"column":14},"end":{"line":8,"column":79}},"type":"binary-expr","locations":[{"start":{"line":8,"column":14},"end":{"line":8,"column":50}},{"start":{"line":8,"column":54},"end":{"line":8,"column":79}}]},"1":{"loc":{"start":{"line":18,"column":6},"end":{"line":23,"column":7}},"type":"if","locations":[{"start":{"line":18,"column":6},"end":{"line":23,"column":7}},{"start":{"line":21,"column":13},"end":{"line":23,"column":7}}]}},"s":{"0":0,"1":0,"2":0,"3":0,"4":0,"5":0,"6":0,"7":0,"8":0,"9":0,"10":0,"11":0,"12":0,"13":0,"14":0,"15":0,"16":0,"17":0,"18":0,"19":0,"20":0,"21":0,"22":0,"23":0,"24":0},"f":{"0":0,"1":0,"2":0,"3":0,"4":0},"b":{"0":[0,0],"1":[0,0]}}
}
